<?xml version="1.0" encoding="UTF-8"?>
<robot generator="Robot 7.4.1 (Python 3.13.9 on win32)" generated="2026-03-03T23:10:41.147201" rpa="false" schemaversion="5">
<suite id="s1" name="Sec02 G04 SoftwareEngineering PaiNamNaeWebApp" source="C:\Users\ChxraWish\Documents\clone\Sec02_G04_SoftwareEngineering_PaiNamNaeWebApp">
<suite id="s1-s1" name="Tests" source="C:\Users\ChxraWish\Documents\clone\Sec02_G04_SoftwareEngineering_PaiNamNaeWebApp\tests">
<suite id="s1-s1-s1" name="Sprint2" source="C:\Users\ChxraWish\Documents\clone\Sec02_G04_SoftwareEngineering_PaiNamNaeWebApp\tests\sprint2">
<suite id="s1-s1-s1-s1" name="Card09" source="C:\Users\ChxraWish\Documents\clone\Sec02_G04_SoftwareEngineering_PaiNamNaeWebApp\tests\sprint2\card09">
<suite id="s1-s1-s1-s1-s1" name="Test" source="C:\Users\ChxraWish\Documents\clone\Sec02_G04_SoftwareEngineering_PaiNamNaeWebApp\tests\sprint2\card09\test.robot">
<kw name="Setup All Sessions" owner="setup" type="SETUP">
<kw name="Log To Console" owner="BuiltIn">
<arg>Creating Passenger: ${PASSENGER_USERNAME}</arg>
<doc>Logs the given message to the console.</doc>
<status status="PASS" start="2026-03-03T23:10:41.459173" elapsed="0.000705"/>
</kw>
<kw name="Create User" owner="guest_service">
<kw name="Create Dictionary" owner="BuiltIn">
<msg time="2026-03-03T23:10:41.461863" level="INFO">${data} = {'username': 'passenger', 'email': 'passsenger@test.com', 'password': 'Passenger1234567', 'firstName': 'passenger_firstname', 'lastName': 'passenger_lastname', 'phoneNumber': '0123456789', 'gender': '...</msg>
<var>${data}</var>
<arg>username=${username}</arg>
<arg>email=${email}</arg>
<arg>password=${password}</arg>
<arg>firstName=${firstName}</arg>
<arg>lastName=${lastName}</arg>
<arg>phoneNumber=${phoneNumber}</arg>
<arg>gender=${gender}</arg>
<arg>nationalIdNumber=${nationalIdNumber}</arg>
<arg>nationalIdExpiryDate=${nationalIdExpiryDate}</arg>
<arg>role=${role}</arg>
<doc>Creates and returns a dictionary based on the given ``items``.</doc>
<status status="PASS" start="2026-03-03T23:10:41.461020" elapsed="0.001048"/>
</kw>
<kw name="Get File For Streaming Upload" owner="RequestsLibrary">
<msg time="2026-03-03T23:10:41.462920" level="INFO">${id_card_file} = &lt;_io.BufferedReader name='C:\\Users\\ChxraWish\\Documents\\clone\\Sec02_G04_SoftwareEngineering_PaiNamNaeWebApp\\tests\\resources\\services/../userImage/id_card.png'&gt;</msg>
<var>${id_card_file}</var>
<arg>${id_card_image_path}</arg>
<doc>Opens and returns a file descriptor of a specified file to be passed as ``data`` parameter
to other requests keywords.</doc>
<status status="PASS" start="2026-03-03T23:10:41.462292" elapsed="0.000791"/>
</kw>
<kw name="Get File For Streaming Upload" owner="RequestsLibrary">
<msg time="2026-03-03T23:10:41.463746" level="INFO">${selfie_file} = &lt;_io.BufferedReader name='C:\\Users\\ChxraWish\\Documents\\clone\\Sec02_G04_SoftwareEngineering_PaiNamNaeWebApp\\tests\\resources\\services/../userImage/selfie_image.png'&gt;</msg>
<var>${selfie_file}</var>
<arg>${selfie_image_path}</arg>
<doc>Opens and returns a file descriptor of a specified file to be passed as ``data`` parameter
to other requests keywords.</doc>
<status status="PASS" start="2026-03-03T23:10:41.463259" elapsed="0.000632"/>
</kw>
<kw name="Evaluate" owner="BuiltIn">
<msg time="2026-03-03T23:10:41.464797" level="INFO">${id_card_tuple} = ('id_card.png', &lt;_io.BufferedReader name='C:\\Users\\ChxraWish\\Documents\\clone\\Sec02_G04_SoftwareEngineering_PaiNamNaeWebApp\\tests\\resources\\services/../userImage/id_card.png'&gt;, 'image/png')</msg>
<var>${id_card_tuple}</var>
<arg>("id_card.png", $id_card_file, "image/png")</arg>
<doc>Evaluates the given expression in Python and returns the result.</doc>
<status status="PASS" start="2026-03-03T23:10:41.464067" elapsed="0.000949"/>
</kw>
<kw name="Evaluate" owner="BuiltIn">
<msg time="2026-03-03T23:10:41.465810" level="INFO">${selfie_tuple} = ('selfie.png', &lt;_io.BufferedReader name='C:\\Users\\ChxraWish\\Documents\\clone\\Sec02_G04_SoftwareEngineering_PaiNamNaeWebApp\\tests\\resources\\services/../userImage/selfie_image.png'&gt;, 'image/png')</msg>
<var>${selfie_tuple}</var>
<arg>("selfie.png", $selfie_file, "image/png")</arg>
<doc>Evaluates the given expression in Python and returns the result.</doc>
<status status="PASS" start="2026-03-03T23:10:41.465202" elapsed="0.000852"/>
</kw>
<kw name="Create Dictionary" owner="BuiltIn">
<msg time="2026-03-03T23:10:41.466899" level="INFO">${files} = {'nationalIdPhotoUrl': ('id_card.png', &lt;_io.BufferedReader name='C:\\Users\\ChxraWish\\Documents\\clone\\Sec02_G04_SoftwareEngineering_PaiNamNaeWebApp\\tests\\resources\\services/../userImage/id_card....</msg>
<var>${files}</var>
<arg>nationalIdPhotoUrl=${id_card_tuple}</arg>
<arg>selfiePhotoUrl=${selfie_tuple}</arg>
<doc>Creates and returns a dictionary based on the given ``items``.</doc>
<status status="PASS" start="2026-03-03T23:10:41.466255" elapsed="0.000789"/>
</kw>
<kw name="POST" owner="RequestsLibrary">
<msg time="2026-03-03T23:10:45.919156" level="INFO">POST Request : url=http://localhost:3000/api//users 
 path_url=/api//users 
 headers={'User-Agent': 'python-requests/2.32.5', 'Accept-Encoding': 'gzip, deflate', 'Accept': '*/*', 'Connection': 'keep-alive', 'Content-Length': '1652892', 'Content-Type': 'multipart/form-data; boundary=dc595e394ea25d994545c6f2ee460ee7'} 
 body=b'--dc595e394ea25d994545c6f2ee460ee7\r\nContent-Disposition: form-data; name="username"\r\n\r\npassenger\r\n--dc595e394ea25d994545c6f2ee460ee7\r\nContent-Disposition: form-data; name="email"\r\n\r\npasssenger@test.com\r\n--dc595e394ea25d994545c6f2ee460ee7\r\nContent-Disposition: form-data; name="password"\r\n\r\nPassenger1234567\r\n--dc595e394ea25d994545c6f2ee460ee7\r\nContent-Disposition: form-data; name="firstName"\r\n\r\npassenger_firstname\r\n--dc595e394ea25d994545c6f2ee460ee7\r\nContent-Disposition: form-data; name="lastName"\r\n\r\npassenger_lastname\r\n--dc595e394ea25d994545c6f2ee460ee7\r\nContent-Disposition: form-data; name="phoneNumber"\r\n\r\n0123456789\r\n--dc595e394ea25d994545c6f2ee460ee7\r\nContent-Disposition: form-data; name="gender"\r\n\r\nMALE\r\n--dc595e394ea25d994545c6f2ee460ee7\r\nContent-Disposition: form-data; name="nationalIdNumber"\r\n\r\n0123456789545\r\n--dc595e394ea25d994545c6f2ee460ee7\r\nContent-Disposition: form-data; name="nationalIdExpiryDate"\r\n\r\n2025-12-23T00:00:00.000Z\r\n--dc595e394ea25d994545c6f2ee460ee7\r\nContent-Disposition: form-data; name="role"\r\n\r\nPASSENGER\r\n--dc595e394ea25d994545c6f2ee460ee7\r\nContent-Disposition: form-data; name="nationalIdPhotoUrl"; filename="id_card.png"\r\nContent-Type: image/png\r\n\r\n\x89PNG\r\n\x1a\n\x00\x00\x00\rIHDR\x00\x00\x04\xf5\x00\x00\x03 \x08\x02\x00\x00\x00\xc4\x11\xc0\xb1\x00\x00\x10\x00IDATx\x01\xec\xbd\x07\x80eGu&amp;|\xaan|9tN3\xd3\x93\xa34\n \x01B\x12Q\x98\x1cLvX{m\xaf\xbd^\xe3\x80ml\xd6`c\xaf\x03\xde\xdd\x1fv\x9d\r8\x9b\xb5\xb116`\xb0M\x14(\xe7\x89\x9a\x9c:w\xbf\x1co\xac\xfa\xbf\xba\xb7\xbb\xa7\'H\x1a\x81\x04\x12\xbc\xcb\xf7\xea\x9d{\xaa\xea\xd4\xa9\xaf\xc2\xabsok\xe0\xa4k\n\x9aI\x9a\xce\xb8\xce4\xce4\x02L\xdb N\x8c)\x10#\xc00\xa2\x0c#EV!U\x98 =\xc7\xd3\x83d\xe5)Q\xa4\xbeQJ\xe6\xafz\xf9+?\xfa\xd9\xcf\x1d\xef:g\x85\xdc\xd7l?Pn\xeck9\x87["\x82&lt;\xdczZp\xb0%\x81\x03m\xb9\x8a}\x1d\t&lt;\xd2\x15\x0f;\xe2\xe1\xae|\xd0Y\xc6#\x1dU\xe6XC\x9c\xac\x89\xd3uy\xbc.\x8e4\xa2\xbaM\xb1\xbf%\x0e5\xc5\xa3uq\xa2*N\x97\xc2\xe9\x0597\'\xe7g\xc5\xf4Bx\xac.\xf7\xb7B\x14x\xb8\x15\xc2\x02\xb0\xda\x10\x84\x83m\x11!8\xd8\x06\x94|A7\x9b\xf2pS5\x01\x0f!(\xb4\x9e\x16\x12.h\xb4\xd7D\x8f\x81\x1e\x03=\x06z\x0c\xf4\x18\xe81\xd0c\xa0\xc7@\x8f\x81\x1e\x03=\x06\x9eY\x0c\\\x1c\x15\xde\xbf\xd0&lt;\xee\xca\x7f;x\xba\xb0\xe3:J\xf7Q\xaa/3\xb9\x9b\xec\x01\xe2i\xcb*d2CD\xb6\x023\x89\x19\xf9B\x1f!F\xe5\x8c\x99\x9ct\x02\xa0&amp;\x83A \xce\x00\xb6rqR\x17R\xa1\xbeY\x94*\x89&lt;\xcf\xcff3\xe9t\xca0t|3F\xbe\x1f\x1a\x86\xc19\xa70\xccf\xb3(%9\xcb\x0f\r\xfd\xfb\xed_=q\xe2\xf8\xd1\xa9\xe9\x7f\xfb\xb7\x7f}\xd5\xab\xbe\'a[\x1d\xc7\xf3}\xdf\xb4\xadT\xcaB\xb1o\x17\x98\\n\x99K\x02\xa2\x1b)\x98\x00\x02\xf4\x81\x0b\xc1\xa5 !4\x12\x8c|N\x01\xa7\x90\x91\xe0\xcc\xd7\x94\x1chL0\x92J\xc1@\x9a\xce\x98&amp;eD&amp;AX\x81\xd0\xe4\x05`r\xa5U\xb4\x17=\x17\xc0w\x0f=\x06z\x0c\xf4\x18\xe81\xd0c\xa0\xc7@\x8f\x81\x1e\x03=\x06z\x0c\xf4\x18\xe81\xb0\xca\x80\xa6iA@;wn\xf8\xc7O\xfd\xd3B\xbd4\xb5\xb4\xf8\xbf\xfe\xd7\xef\xf6M\x8c\xf6\x8d\x8e\xb8\x9e\xdbl5\xedT\x12\x85S\xa9\x14J\xd6j5\xc6\x10\\\x91\x14\x02\x11\x1a\xf4k\xa3.\xdc\xae\x82\x93d$%BAF"\xd6\xaa;(\x89,\xcbj\xb5:\xbe\x1f\x84R\xa8\xa0\x8d\xb3d&amp;m%\x12\xc4hnf\x8a\x98\xac\xd4\xe6\x8f\x1c?r\xfds\xf6\xb8\xaek\xd8V\xa3\xd9]\xac4\x16K5\xd7\xf5-3\x81`\x18\xad\xc76\x9f\xd64r\xf6\xe2\x16\x18\xb4\x921\xa9"[\xa4\x00\x1c&amp;\x04\xb7&lt;\x08t\xdf\xd7\x03_\x0b&lt;\xdd\xf3\x8d\xd0\xd7D\xa0S\x04\xd65\xc8\xd1\x99c\xc8\xae%]C\xfa\x08j\x99\x8c#XSJC\x04\x80\x1e\xfa\xa6\x0c\r\xe1\x01f\x18\x00V\x18F\x08t\x81HY0\xa9\xd8Zu\x08\x0f\x0f\x00\x90\xa6\xb0\xaa\xfd\x0e\x11z\xdd\xe81\xd0c\xa0\xc7@\x8f\x81\x1e\x03=\x06z\x0c\xf4\x18\xe81\xd0c\xa0\xc7\xc0\x132\x80\xe8\x148_,\x93I\x04APo\xb8B\x88\x90\x93n\xf3\xd7\xbe\xe1{\xfe\xfao\xfe\xf2\x91\x83\x07\xbez\xcf=C\x13\xe3\x8e\xd3E\x005\xben]\x18\x86###\xba\x85\x17\xb9\x88YW\x8cH\xc4vx\x17I\x17]*\xf2R*&amp;T\xba\xe6\xc3uci\xa9\x84W\xbd\x08\x12\xdb\xed\xaei\xaa7\xb1\xf5j\xbd\xebt7\xef\xd81\xbb\xb4\xd8t\xea\xf5\xa6\xfb\x95\xdboG%\xa6\xf1v\xbb\xddq&lt;!\x99\x9dL%\xd3x\xebk@3?\xbb\x80\xdc\xa7\x0f\x17;}aK\xe8\xba\x02zN`\x86\x10\xe2*\x90d\x12\xefh\x11\x88\xe2e-bW\xa4\x90\x15P\x82!"F\xc8\x8f7\xb7\x9c\t\x8d\x85\x88{5\xd0\x1d\x84&lt;\xf0\xb9/\xb8\x10&lt;\x0cy\x180hdd\x08\xb6 \xa0\xdf\x80$\xba\xc8#h\x00\xea]\xdf\xad\x0c\xf4\xfa\xddc\xa0\xc7@\x8f\x81\x1e\x03=\x06z\x0c\xf4\x18\xe81\xd0c\xa0\xc7\xc0e\x18\xa8V\x9b\x96\xa5\xe7s\xd6\xe8\xf8\xd8\xd9\x99\xa5\x93g\xe7\x9c\x90\xae}\xee\xd5\x1e\x89\x9d{\xf7\x1cx\xf4\xd0\x0c\xa2Q];z\xec\x08q&gt;\xb7\xb0\xe8{\x9e\xb2\xc2\x98a\xda\xa6n!\xf0\x92\x17\xc5^*\x1b\xf1+E\xa1]tC\x923\xd28i\x08\xf3L\xd3$b\xc5\xfe\xc1\x89\xf5\x93D\x9c\xb8~\xedso@\xe6\x7f|\xf5\xcb\xf7?rO\xb5\xdd&lt;zr:\x9b\xb5n\xbd\xf5\x96}\x07\x8f\x16\xfas\xfd\x03\xb9\x81\xc1\\2\x99\xf4&lt;\xaf\xd9l\xe1\x8dn&amp;\x95\x1e\x19\x19\xa2o\xf9\xc5\xa5zg\xbb\x9a2Z\xbe\xd5$\x01fH\xb6\x90f\x10&amp;\x02\x91\xf4\x85\x1d\x88D\x10\x9a\x81o\x05\xc2\x08\x85)B]J] \xee\x95\\J\xc1\x84\xab\x8b\xb6)#\x84-3l\x1aa\xdb\x84Ft\r\xd11E\xc7\x10\x8e.\xba:\x01\xaeF\xbe\xa6\xd8\x94l\xb5\xcf\x90\x00u+\x88\x00%\xf5&gt;=\x06z\x0c,3\xd0\xfb\xea1\xd0c\xa0\xc7@\x8f\x81\x1e\x03=\x06z\x0c\xf4\x18\xf8\xeec z\x0388\x90\xd15\xeate&amp;c\x0c\x0c\x0c\xf4\x0f\rWj\xad\x85j{\xb1V\xe5&amp;}\xfd\xfe{CS;\xbb\xb4\xf8\xe0\xa3\x8f\x0e\xae[\xa7%\xd5\x1f\x11\x13\xc2\xd2\x90\x0cM\xd3\xb9\xc6\x10tI\xb2\x0c\x8bI\xbc\xa6&lt;\xcf\xe1\xca\xfb\xdb\x15\x8d\xc4\x05YFz\xc6\\\xdf[XZ$\xce\xb6\xef\xd8\xf5\xbe_\xfd\xc0\xbf~\xe1\x0b\xcf\xb9\xe1\xfaz\xdb\xb3\xd3\xe9\xc9-\xe3_\xbf\xfb\x01/\x08v\xee\xdeVot\xa6g\x16\xe6\xe7\x97\xea\xf5\xaa\xe38\x81\x07u\x00K&lt;2\x03{O\x1f\xd0\xaf\xc72\x1ewU\x13\xaa\xc3\x90\x11\xf1"ex\xeb\x8a:\xea?\xa4\x85s1\x10\xce\xb3\xd8\x88$\x02\xf0J7\xe0*XU)\'&lt;B\x88@\x01\xe7\x81\x16\xa5\x9c\x87LADi\xc8\xb4\x08,d\x1c\x9a\xd8T/\xed1\xd0c\xa0\xc7\xc07\xc7@\xafv\x8f\x81\x1e\x03=\x06z\x0c\xf4\x18\xe81\xd0c\xe0;\x96\x01\xbcV\xf5}\xff\xcc\x99S\x0b\x0b\xf5\xe9\xe9Y!\x04cZ"\x99\x1a[?:]\xae\xed\xb9\xee:+e\xed?rxpl\xfc\x91G\x0f=r\xf0\xd0\xc0\xd88\xa1\x0ec\x9dV\x17\xe1&amp;\x82MPc\x18\x06\xd2\xb5@\x80\'\x88\x04\xb2\xa5\x10\xc4\x14\x18^\\r\x890\x15am\xab\xd1\xf0\x1co\xf7\xdek\xff\xdb\xcf\xfe\xcc\xcb_\xf1\xf2\x9bny\xe1C\x07\x0e\xeb\t\xd3\x97\xa2\xe9\x88\x1b\x9fw\xbdn\xeb\x8f\x1e=\xe5\x85\xe1\xd0\xe8\xd0\xd0\xf0\xc0\xe8p\xff\xd8p\xdf\xf0P1a\x19\x95R\xe9\xe4\xf1\xd3k\x1b{\x9ad\xc1(Fl\x9fIR \xc4\xe8\x00\xa1\x87xm\x0b0\x89 \x96{\\w4\x03\xe8F)\x04W\xd3c8:\xef\xea\xbcc\xb0\x18m\x83A#H\xd7\x98\xa1\xe1\xd1\x00\x9e\x14\x08M\x0b\x8de\x08%\xf0\xd0`\xc2\xe0\xc2\x04\x984\x99\xd4\xb9j\x05\r\xd1E\x17\xdc\x00.R\xe2V\x80}|\xf5\xd0c\xa0\xc7@\x8f\x81\x1e\x03O\x8e\x81^\xe9\x1e\x03=\x06z\x0c\xf4\x18\xe81\xd0c\xe0Y\xc6\xc0\xda\xd8\xe7\xe8\xf1)D\xa7[\xb7n\x1a\x1e\xca\x8d\x8c\x0c\xa5S\x1a\xe7*\xac\x9b\x9e/\xa7\n\xf9Ss3\xa7f\x16\xae\xbf\xe1z3aT\xea\x8d\xc1\xd1\x91_\xff\xad\xdfz\xc5\xab_C\x9aN\x8c\x05A@\x84\xe2\xccw\xa3?Z^C\xc3\x9a\x98\x8b\xb1X\x8fV\x89A\xcf\xfa\x86\x86\x89x\xaaP\xf8\x93\x8f~\xf4m\xef|\xfb\x99\xa9\x85\xa9\xd9\xf2\xf6];\x97\xaa\xb5T&gt;Yn\xd4*-\xe7\xcc\xd4\xec\xe6m\x1b-\xdb\xeet\xbd\xa5R\xe5\xdc\xf4\xfc\xfcB\xb9\xdb\xf1l\xdb\x1a\x1c\x1c\x98\x18_\x1f\xdb|\xbaSya\x03\xf0\x9eKb\x11\xb8 m\x05P\xa2GR\xa8?#\xe6Rg2z\x0f+\xb8.5\x1e\x92\x82\x8aNIE\xfb\xd1\x87If\x84\xdc\xf2\xf5D\xc0\xad@\x07l_7}f\x07\x1c\xa9\x110#\xe0\x80\x1e0= \xc3\'-P\x8d\xae\xf8"W\x84\xdew\x8f\x81\x1e\x03=\x06z\x0c\xf4\x18\xf8\x163\xd0k\xae\xc7@\x8f\x81\x1e\x03=\x06z\x0c&lt;\xa3\x19\x18\x1d\x1d\xe7\x1a\x9d;7So8\'O\x9e\x14\x92\x84 \xd7\r\x8a\x83}m\xdf\x9f\xdc\xb2\xa904\xb4Xo\xceW\xea\xb9b_\xdbq\xdf\xfa\x8e\xb7\xbf\xee\xf5o\x18\x1c\x1d\x8dbU\xae\xeb\xbad\xdc\xf5\xbd\x8b:\xc9\x93\xc9\xa4\x94\x94\xc9\xa4H\x85u\x02oq7l\xd8\x88\xc09\x99\xcd\x97\x17\xcb\xebw\xec\xfc\xc4\xa7&gt;\xbd\xeb\xea=gg\x17\x1b\x1dgh\xb4\xaf\xd9u\xadd\xaa\xde\xf1\xadtFr\xad\xd0\xdf\xd7\xec\xb8!\xaa\x91\xc4\xdb\xe4|\xb1/\x9d\xceJ\xc9\xdc\xae\xef\xbb!L^\xd4\xdeS~+\x18!\x8ed\x97\xd8\r\xfd\x00J]\x92F\x04A\x93drJ\xea\xcc\xf4\xc34\xf1\x0c\xe3\xa9\x90\xa5\x03\x96\x97&lt;\x1f\xb0tGf]\x022\x0e\xa5\x1dJy,\xe93\x95\xba\x12\xb7Y\x97e\x1d\x96\xe9\xaa,\xdcB\x9fp\xa4\xdd\ry\xbd\xcb\x1a\xae\xedRB\x10\xc2]\xcd\x15\x86/B\xc7\xb3\x0c\xb2m"\x12\x1cB\x8at\x9dj\xb5\x1a\xee/\x0b\x15\x8a_6\xa3\xa7\xec1\xd0c\xa0\xc7@\x8f\x81\x1e\x03=\x06\x9e.\x06zv{\x0c\xf4\x18\xe81\xd0c\xe0\xdb\xc0\xc0r\xec\xc3\xe2\xa6Y\xa7#\x07\x06G\xb9fm\x98\xdc\x02\xd9\xb6\x13\\\xd3\x1dOJ\xd2\xbbN\xe8\x84&gt;7m\xc3\xb6\xdb.\x02Kv\xfc\xd4\xe9w|\xff;?\xfd\xaf\x9f\xb3\xb3Y\xe2,\x08\xc4\xe0\xd0\x081-\x9dN\x1b\x86\xc1\x18+\x14\nxG\xa9\xe2[\x98\xf7}\x9f1\x02\x88\xf33gN\x0f\x8d\x8fu\xda\xed\x1bn\xb9\xf5\x7f~\xe8\xc3\xd7&gt;\xf7\xb9\x01Q\xbe8\x90\xef\xeb?;[\x16\x8c\x87\x8cB\x1e\x01Bt+\x18\tZ\xf6V2\xd8\xfb\xb6\x81I\xe5\x07\xd2l\xc608\xf3=\xcf\xebtC\xd7\x95A\x10z\xa1\xdb\xf2\xb3i\xdd\xd4)\xf4D\x17\xf1z\xa3\x134=\xdd\xa3\x84df M\x1f\x10\x96/\xcc@\x98\xbe0\x90\n\x19\xffsSL\x08&amp;$\xa0"v\xf4\x96\xa8\xd0o\xe4\x8a)#a;"\xe8x\xbe/C25ni\x86m\xa2\xf3\xbeO\x8e\xe3T\xab\xb5J\xa5\xedya.\x97\x85\xb2\x87\x1e\x03=\x06z\x0c\xf4\x18\xe81\xd0c\xa0\xc7\xc0\xb3\x81\x81\x9e\x8f=\x06z\x0c\xf4\x18\xf8\xd60\x80\xd0\xf1&lt;D\xd4\xa6$&amp;\x88I\xc6%qA\x88=\xb9`\x90\xd9\xc6\x8d\x93GN\x9c"];73\x8d\xa0ut\xfd\xba\x85\xc5\x85T6\xd7l"\xe0\xf2\x84\x10\x95J\x851\xc6K\x8b%\x9dG\xafw%\xf5\x0f\x0e3\xdd \xc9\x17f\xe7v^s\xed\xbb~\xee\xdd/y\xc9-xk|\xe2\xecR\xcb\x0f\xd3});\x9b\xf69\x05\x9c$S\x10\x8c"\xa0=\x04\xb7$"\x87\xbe\xc5\x89$\xe5\t\xd2\x8b\xda\xf5:\xe4\xbb\x01\x17\xa1m\xe8\xb9\x94\x95K\xe9\tC#M;y\xae4Sntd\x90,$\x0b}\xc9D\xc6d\x1a\x82\xd6PJA\x11\xb8\x10\\\x04\\"\xa8\x07M\x9e\nTY\xd7\xe5\x9e\xa3\x05]=\xe8\xe8\xa2\xad\x07M\x83=r\xae|\xb2\xde\xaah\x81\x93\xd1\xbd\x9c\xd1\xceh%=\\\xf0\xdc\xd0 &lt;^\x90\x92R\xa9T:\x91\xd4\x88\xe9\x1a\xcb\xa69\xdc\xbc\xc8\xc3\xdem\x8f\x81\x1e\x03=\x06z\x0c\xf4\x18\xe81\xd0c\xa0\xc7\xc0\xb3\x90\x81\x9e\xcb=\x06z\x0c&lt;\x19\x06\x10\xaa\x01\x97\xd4`\x12Q\xec\xaaV\xae\x86K\xd0su\x87\xb8\x171T\x0c\xc2\x1b\xd6n@\xbaeo\xdd\xbee\xb1Zn\xf9\xce\xec\xfc\\n`\xa0\xddj\x11c\xd9|\xce0\xd4?4\xa5i\x1a*P.\x97\x0b\xd4\x7f\xa1\xcb\\\xd7O$\x12h\x84[\xe6_\xfe\xd5\xdf&lt;\xf7\x86\xe7u\x1cYm8\xa4\xe9\x8df\xbb\xd9\x91\xc9\xb4%\x18\x02h\xd5\x00\x1aEp+\x99\n/c\x01\x15\xbf\x8d\x80?\xab\xad\x83\x94N\xbbC\xa1H\xda\x89t\xd2\xd0\x18b\xdd\xd0\xed8\xedvkp]\x7f\xba?\xab%\xb5@\x0b\x9b~\xb7\\[ZX\x9c*\x97gt\xdd3\xb5eX\xdc\xb34\xc7V\xa9\x9b\xe0\xbe\r0/\xc1\xbd\x04\x0bl-4\xf5\xd0\xd4\x824\x82\xfd\\\xcaN\xe9\xcc\xc0\xabl\xf5\x9eW\xb343cu\\\xbf\xd1l:\x8ekY\x94\xc9\x98\x96e\x85a\xe8!X^u\xae\'\xf4\x18\xe81\xd0c\xa0\xc7@\x8f\x81\x1e\x03=\x06z\x0c\xf4\x18\xf8\x8ee\xa0\xd7\xb1\x1e\x03\xdf\x14\x03\x8cT\xdc\x8b\x80\x8e!\xc8$\x84\xbd\\\x10\x97\x8c/\x94\xcb#\x13\xa3S\x8b\x8bCcc\x07\x8f\x9f\xact\xdb\xf5zUK\xda\xc4\x08/o\xb3Y\xf5\x07\xb3\xba\xae\xf3t&amp;\xd1j\xb5\x10\x8f%\x93\xc9F\xb5\xd6i\xb6\xf0\xaaw\xff\x81C\x9b\xb6l\x10B.U\xaav\xc2\x1e\x1f/dr\xd9Z\xa39\xbb\xd8$X\x8f \xa2@W\xa2\xc9\x0b\x01Wb\x05\x93"\x16\xbe\xe1\x14\xa6\x80\xc7\xaa\x0e\xeb\x92]&amp;3\xae\x92H\xd8\xc9\x84i\x19\x88le\xbd\xd2\xa9!Lw;\xa6%C\xee5\xc3\xf2|s\x1ah\xbaKz\xd2\x9b\xd8\x90\x9f\x9c,\xca\xb0\x12\xca\x92\x14\xc0\xa2\x14\x8b\x14\x94XP2\xfcr\xd2)g:@-\xd3\xa9\xa5;\x95t\xbb\x94VBm[\xde\x1e3E\xd6\xeb6\xce\x9d\x99=z\xa85?kz][\x84i\x93k$;\x9dN\xad\xe6v\\\xf2\x85\xec:^\xb9\x0c\xde\x18\x1c\xbe\x8c\xbb=U\x8f\x81\x1e\x03=\x06z\x0c\xf4\x18\xe81\xd0c\xa0\xc7@\x8f\x81\x1e\x03\xdf-\x0c|\xf7\xf5\x13!\x1bBP\xba\xf8\xaf}\x11\xca\x01\x88\xdd\x00"U\x08\xaf^!s\x19\xddD*\x8e\x12\xa4.DR\xa6\x9d\xe8x\xc2\x13rja~b\xcb\xa6\xd3ss\xf3\xed6\xd9\x16qj5\x9b\x8dF\x03\xe5\x1c\xc7\xe1\xcdf\x97se\n\xaf\x19\xa1\xda{\xed\xf5?\xf7\xf3?\xbf~\xc3\xf8\xf4\xf4\x92\xa6\xeb\xe9L\xae\xda\xe8\x94\xab]]g\x85\xbe,\xd74\x98F1@\xe2\x03/\xe1\t=\xde+\\\xb8\x18\x15\xbc Y5r\x816\xbaY[\x1e\xdd\x01"\xf5\x13$q1\x01g\x18D\xa9Ii\xeb\x1c\x91~\xd8\r\xa4\xeb\xda\x9c\x0fe\xb2[\x87\x8b[\x8b\xb9!\xd7\x1d\xefv\xae\xb6\x13\xcf+\x14\xf7\xe6r\x13\xd5\xbav\xe0\xb0y\xf8\xe8h\xbb\x03\x0c\xb7\x9a\xc3\xed\xe6h\xab9\xdam\x8f\xb6[\xc3\x8dF\x7f\xa9\xdc\xb7X\xee[*A\x18\xacT\x86\xab\xb5\xb1z}\xa2\xd9v\xee\xba\xabozn\xbd\xa4\x17\x0e\x0c\xbftl\xf2\x85\xfd\xa3\xbb4k\xa8\xdd\x191\xb4\x89bv \x9b\x0e\xbb]\xb7\xd6\xb09\xcf\'\x93\xb6a2)9\x813@\xf5\xe5"\x06\xd8\xb2Ze\xad~.*\xb3\xaa\xef\t=\x06z\x0c\xf4\x18\xe81\xd0c\xa0\xc7@\x8f\x81\x1e\x03=\x06z\x0c\xf4\x18\xf8\xcec\x80\x93zy\x8b\x983F\xd4A\xc4x\x08Wy"\x95&lt;7=54&lt;T\xae7\xa6\xe6\xe6\x06G\xd5\xbb\xdc\x7f\xf8\xd4\'\x9f{\xd3M(fX&amp;.\x08\x1c\xc5S\xa9\x14\xe2+\xd7\xf1\xfb\x87\x86\xff\xe4\xa3\x1f\xf9\x89\x9f\xf8/G\x8e\x9f\xd2\x0c\xddL\xd8\xa4\xf1F\xab^*\x97\x03)M\x93\xb2\xb9$1\xa1\xc2HT]\x85\n\xdcTh\r\xbd\xc0\xab]\xb6\x9c!\x19\x02:\xb8B0\x1e\xab\x10\xb0\xc5\x90\x17F\xf0(p).\xaa\x82\x8a\xb1\x06%ca9\xc5}\x04\xc9%\x02m.\x05\xa7@\x93\x01\xde\xdb\x8aV\x93:\x9d4\xd1p\xc2\xcc\x04^\xe3\xf8\xf4\xd2\x1d\x0f\xa4\xf7\x9d\x18\xba\xffX\xee\x9eG\xe9\xab\x8f\xd0\xdf\xfe\xeb\xb9\xdf\xf8\xbd/\xbe\xf3\xbf\xfe\xbf\x97\xbe\xe9\xd3/~\xe3gn}\xd3g_\xfc\xbd\x9f\x89q\xcb\x1b?\xfd\xe27\x7f\xf6\xa5o\xfe\xfc+\xdf\xf1\xef\xafy\xc7\xe7_\xf3\xf6\xcf\xbd\xfa-\x9f~\xf5[?\xf5\xaa\xb7\xfc\xc3\xf7|\xef\xc7_\xf1\xc6\xea\xc7\xfe^~\xfa\x8b\xf4\xf5G\xd8\xbe\x13\xf6\x91)\xbe\xff\xa4v\xdf!\xe3\xbe\x83\xf3_\xbf\xd7n\xb4GL\xa3\xdf\xd2\xd2\xd2\xef3x\xc1fi\x9dt\x19p)\xa2~\xe3KJ&amp;\xd1# \xf2]Q\x14\x0bq\xa7\xa0\x07VY\x82\x1c\xeb\xe32\x97M\xe3\xe7\x1eD\x9f\x00\x00\x10\x00IDAT\x02\xbd\xb4\xc7\xc0w6\x03X\x0b@\xdcG\x08\xc0c\xc9\xc8\x02\xe2\xdc\xa7;\x8d\x97d\xdc\xca\x95\xc8q\xc9^\xdac\xa0\xc7@\x8f\x81\x1e\x03=\x06z\x0c\xf4\x18\xf8\xeea\x00a!\x80\xe3\x19\xb0\xd2k\x15\xbe!\xe4\x01V4\xea\x1b\xc5V\x11\x9f\xacP\x0e\x19g\xce\x9e\xde\xb4q\xfd\xe1#\xc7\x06FF\x87FF\x16\xaa\x15O\x04\xcf{\xc1\x0b\x7f\xe37~\x934\x84\xb7\x89tZ\xfd\x892\xc7kE\xcf\x97\x92tb\xbc\xe58\xa4i!Qq`0\xd7Whv\x9d\xae\xe7\x8e\xad\x1f\xd9\xb0y\\jl\xb1\xdaY,U`Z\x93\xea\x951R.\xb9&amp;x\xdc*\x13\x1c\xb7\xc8%\t\x7f\xd4w, \xdaU\x90J\x03\xd7CD\x9f\x9cBF\x01RN\xab\xddC\x80\xae\x0b2C2\x04A\xc0-\x93*\x17Ub \x04d\xf0UFwR*s\xea\x03\x016\x107"z\xf4\x0c\xe9\x1a\xb2k\x87\xddL\xd0\x1a\x08\x9dA\xb7&gt;\xd2\xa9\xe4\x9b%}\xf6\xb4\x7f\xf7\xed_\xfa\x9f\xbf\xf5\x7f\x7f\xf0\x07&gt;\xf53?\xff\xf1\xff\xf2\xd3\x7f\xf7C\xff\xf5\xcb\xefz\xcf]\xbf\xf5\xa1S\xff\xf4\xb9\xccly\x97\x9d\x1d\xe8\x84\x03\x9d\xa0\xbf\x1bC\x14\x1d\xd1\xd7\r\n\x8e(8a\xce\t\xf3n\x90\x03\xba~\xc1\t\xfa\xbaa\x7f\xd7\xbb\xff\x93\x9f\xfa\xf2\x1f}\xf4+\xef\xff\x8d\x8f\xff\xc0\x8f\xfc\xe9\x1b\xdf\xf6\x8f\xff\xe9G?\xfb\xb3\xbf\xf8\xcf\xef\xf9\xe5\x07\xfe\xe0\x0f\xfc\xaf\x7f5U^X\xd7\xacN6*}\x8dJ\xb1\xd5\xd4\x16\xe7\xb2^7\x19\xb8\xa6\xf09y\x9c\x02b"D@\xce\xd4\xabf3\x94\x86\x90H\xf1\xda\x19\xe3A$\xd1I\x10\xb5\xca\x92\xea(\x11\x17\x04Zb\x80\x9c\xc7B\\X\x91B\x8a\xc0\xf8\xf6;2E\x1f\xd1\xaf\xb5)n{\xf8n`\x00\x83\x0e\xa0\xa7X)\x10\x80KedA\x19gAx\x9a\x10/\xc3\xd8\xf8\x95\xc8q\xc9^\xdac\xa0\xc7@\x8f\x81\x1e\x03=\x06z\x0c\xf4\x18\xe81\xf0X\x0c\xc4g*\xa4(\x10\x07\x96\x0c\x12\xd1\xd6M\x93\xc7\x8e\x9f\xda\xb6}k&amp;\x93\x9e[,9n08&lt;\xdah\xb5o\xba\xe9\x05\x14\xcaj\xa5\xd6j\xb7\x898gz\xa2\xd1t\x88\x99@\xa9Z\xb2R\xd9ssK\xd9|\xba\xe5\xba\xd2\xd0\xc82\x9a~\xd8pCG\x86f\xca\xca\x15s\x9a\xe0zx\x1e\xb8\xd5$\x07\x10\xdc2\xc9\x91\xc2\xa8$\x1d "&amp;\x19\x97\x040\x92DR0\x15\xd6\x06\x1ay\x1a!\r8!\x8a\x13\xaa\x18i\x92\x8c@Z\x01Y\xe1r\xa4\xc7\x18I&amp;\x11\x04"\xcc#\x92\xddf#m\xb3\xea\xfclJgA\xa7\x93O\x91\xeb9\xdc`~\xe0\xea\x9aX\x9a;[\xb0\xb9\xe6VZ\xb3\xc7G\xb4n\xbf\xb3d\xfb%\xeb\xc8}\xb7\xbf\xffg&gt;|\xfd\xb6\x8f\xdd\xb8\xe7\x91\xf7\xbf{\xe3\xa1{_\xcc\xba\xd6\x91\xc3\xeb\xbc`\x8ba\xe7\x9a]Y\xad\x9b\x9a.3\xe9r\xc2&gt;\xa7\xd1)\x83\x9f4t\xe0\xb8e\x1c\xb3x\x8c\xa36\x07 \x9f0\xf9)S;\xad\xf3)\x8d\xe6I\xa6\xc6Fk\x8dj\xe3\xc4\xb1\xc1Vs\x8fm\xaew\xbb\xc5\xf9\x99\xa1sgR_\xfd\x8fc\x1f\xf8\xe5\x7f|\xce\xd5\xbf\xb7{\xdb\x83\xbf\xfc\x8b\xf4\x95\xff\xa0\xd3\xc7\xd6\xf9\xcd\xc1\xa05\xacy\xc1\xd2L^\x97\xb6)\x1d\xb7I\x9a\x1f\x04N\xca`Y\x8du\x96\xe6\x87\xb2\x8c;\xdd|\x9au:-\xcd$\x90\x03\x8a|.!\xe0\xa4\xce$\xe9\xa1\xd0\x84\x00Q\x8c\xf0\x14@\x85\xc4x\x16\x10\x03\xca\xb5q/(E\x95\x18\x90\x01z\xack\x8d\x1eM\x00k\x14\xcf\x08\x11.\xadE\xec\x13z\x04\xa0\x83\x17\xa5\xb8\x8d\x11\x17\xeb\xa5\xdfa\x0c`p1\xe81\xb0u\x00\xd8Rp\x0b\x01\xb8H\x8eo\xc1\x00j!}\xca\xb1vZ&gt;)\xf9\x8a=\x91\xd8\xf7\xae\xb8p\xaf`\x8f\x81\x1e\x03=\x06z\x0c\xf4\x18\xe81\xd0c\xe0Y\xc0\x00\'\x02V\x1ceD\x00]t\xe1t\x17#\xd6\xa3&lt;\xc7=\xf1VG\x8e\x8cMv\xdb\xa1\xdb\x0e\xb3\xe9B1\xd3\xe7wq\xe2\xd3\xcb\x95\xd6\xdcR\x89\x187M{ph\x04\xef\x0b\xb5u\x1b6\x13\xd7\x86&amp;\xd6\x9d:\xb7\x90\xca\xe5\x07\x86\x07\xee}\xe8\x80`\\\x1d\x199\xa1\x12"L\x1c\xb5\x90\xa2\r\x9c\xe4\xb8$M0&amp;\x19\xdc\x01\xb8D\x10\xabd\xe4\x92r\x11:\x8a\xaeU!\xba[9\xac\t\x08\x0c1\xb6\x94\x8c\x84T\x17\xb2\xf1\x854\x06\xaa\x01\\\xe0\xdd&amp;\xe1]\xae)\x10\xcb\x89\x81t\xc6\x94\xb4ur,k\xd3\xec\xf4\x99\x85\x85\x1a\x17~\xd8i\x0e\x98l\x98\x05\xcf\x1f\x1b9\xfa\x99\xcfl5\xac\xbd\x9a\xa5/\xd6\xfe\xc7\xeb\xde\xf4\xdb7\xde\xf4\xc7?\xfa_\xba\x0f?\xf2\xa2M\x1bw\x8d\x0c,\x9e=v\xfa\xe4\x01a\xf8\xc5\xcd\xeb\x1aIs\x7fy\xee\xae\xf93g\xb4p\xfd+n}\xc5\x07\xde{\xdb\xc7\xfe\xe0\xad\xff\xf0\xb7\xef\xf8\xa7\xff\xf7\xceO}\xfc\xfb\xfe\xe5\x13?\xf0\xcf\x7f\xffC\xff\xf2\x0f\n\x9f\xf9\xc7\x1f\xfc\xec\'\x7f\x10\xe9\xa7\xff\xe1\x07?\xfd\xc9\x1f\xfa\xe7O\xfc\xd0\'?\xfe\x83\xff\xf8\xb7?\xf0\x89\xbf~\xc3\x9f\xfd\xe1\x9b&gt;\xf0\xdem\xb7\xdd&lt;\xc3\x9d\x07\xe7\xce\x1c\\\x9cj&amp;\xb5\xc1\xcd\x13\x14v\xba\xf33\xfd\x14n2\xad\x99\xaf}\xe5\xb3\xff\xfd}\x7f\xfb\x8e\x1f\xfc\xcd\xdb^K\x8f\x9e4\xe6J[C6\xd4\xf5\x8a\xa5\xaa\x98:7\x10\x86\xa3)\xbb&lt;;\x1d\x06\x9d\x84\xadIA\xcdF\xd9\xef\x86:\x17\x06#MJ@\x97\xcc\x90\x04*\xc0\x03\x87@\xa0\x9d \xd0\x85\x174`\xecB\xddw\xc5\x1d\xa6\x10\xfa\xb9\x9a\xc6\x024O\x19z\x86\x9ey\x0c\x08\xec\x1b\xd1t\xc7\xa6\x04\xe0\x16&gt;B\x00\xd6\xcaP~\x0b\x80\x8dK\xad&gt;\xa1\xfe\xf3\x08\xf6D\xe9\xb7\xc0\x9f^\x13=\x06z\x0c\xf4\x18\xe81\xd0c\xa0\xc7@\x8f\x81\xefH\x068\x0e\xfa1T\x80\xcc\xb9Ta/\x93\x9c\t\xdd\x0f\xa5\x17\x08\xdd\xb4[\xad\xf6\xe2\xe2\x122X\xb9Z#\xce\xfe\xe4O\xfftlbH\xd34b\xb4~\xe3\xa4X&amp;\x06\xdf\x00\xe1\xe0\xc8q~\x8c\x948[\xa2\x9a\x82T\x91m\xa4SA\xd7j\x81X\x13; \x10\xcaF\xe7Q\x08\xaa\xa2D\xe4\x16\x81\xa9PM\x95\x84W\x9c\x02\x8d\xe1\xa5\xae\xab\x93\xab1\x9f3I\x0c\x11]\xc2\xa7\x8c\'\xd2\x9e@\xea\x95\xaaSGO4\xcbU\xb4\x9bL\xea}\xc5\xd4`\xc6\x1eOh\xc9\xd9\xa9\xfev3\xb1\xef\xf0K\xc7\xb7\xfe\xd3\xeb\xbe\xef\xd3o\xfc\xa1\xbf\xb9\xfa%\xbb\x8f\xd6\xdf\xd6\xbfk]C\xafO7\xcf6\xbcG\x82\xf0\x91|2\xf3\xd6\xd7\xbe\xf4o?z\xe3_\xfe\xfe+\xbf\xf8O?t\xe8\xde\x9f:\xbd\xff\x9d\x0f\x7fu\xcb\x87~\x8d^\x7f+\xedZG\x9b\xfbi\xb2\x8f&amp;\x87hC\xbf\xc2\xfaA\xda0D\xeb\x06)\x16\x90\xae\xef\'`r\x80\x80\x8d\x83\xb4s\x9c^\xf7\xa2\xed\x1f\xfe\xc0\x0f&gt;\xf4\xd5\xffv\xe2\x81\x1f:x\xd7m\xff\xf6\x0f\xd7|\xf4CsWm\xff:\xf9\x87\xb3\xb9`\xf3fWK\xca\x9a\xb39L^\xebX_\xf9\xb1\xf7\xdc\xfe\x8e\x9f\xfc\xca\x8f\xfe\x02}\xfc\xb3\xb9\xa5\xees\xd3\x03#M\xa7\xfb\xe8\xa1\xb1\xfe\x0cO\xca\xc0\x08\x16\xebe\xc3f\x99\x84VL$:\x0b\xe5\x94\x1f\xa4&lt;\x91\x08\xa4\xed\x11^kk\xa1\xe4!1A`5T\x94\xb2\x90\x01\x14\xaep+\x15\x95\xe7?\x8aAIHA\x17\x00a\x15\xe7\x0b](\xc12p\xa1\xee\x99uw\x91{\x17\xf5\x88)n$:\x0b\\\xe0\xb7$\x02.P\xf5n\x9e"\x06\xbemf0\xa2j:`KQ\x12\x11\x04 \x1a\xe9e\xfdE\xdb\x11=\xd5\x97j\x0669\xc3\xce&amp;5\x12\xeaQa\x94\xc6\x9a\xcb\xa5(\xfeX\x10D\xc0\x85\xb9\xe8\x10p\xa1\xaew\xd7c\xa0\xc7@\x8f\x81\x1e\x03=\x06z\x0c\xf4\x18\xf8ng\x00\x07$`\x99\x05\x1c\xc9\xb8\xae\xf5\x0f\x15N\x9d;\x8bW\xb6\xa4\xe9\x9c\xe9z\xbb\xd9\x18\x1a\x1b\xbb\xf5e7\x05\x01\xcd\xce\xcf\xb5\xbb~\xf4/*\xab:\xa8\x1a\x1f\x13W\xd3XPyW\xf0A{\x01\'\xf5\x1e\x18\xc1GT\x1e\xd55Az\xa8\x00\x813\x86\xd3!\x824\x14\xf3t\xd6\xd5\t@\xa0\x8b\xb2\x88o\xadP\xd8\x81\xb0\xc2@\x93\xe1\xc4\xfa\xbe\xb1\xf5#\xcdN\xb5Q/\xef\xdd\xb0\xae\xbf\xd3\xf1\xf7\xed\xaf\xfe\xdb\x97\x06\x8e\x9f\xfe\x93\xefy\xc3o\xdc\xf6\xda\xbfy\xd3[\x86\x97\x1a\xddC\'\xd7\xa7r\xbb7m\xdfw\xf4T\x95\xdb\xd7\xbd\xfe-\xaf\xfd?\x7f\xf4\xe3\x9f\xf9\xfc\xaf\xddq\xdf\xcb\xde\xff?h\xd7\xd5\xb4e\x0bm\x18\xa7\xf1!\x1a\x1d\x94\xc3\x83\x9d\\\xbali%]:\xfd\xc5n1\xdf\xce\xa7\x1b\x99t#\x9d\xae\xa5\x92\xb5d\xa2\x9aJT\x91&amp;\x13\xb5T\xba\x9eN!\xab\x9d\xcbv\x0bY\xa7?\xbf\xc4\xa9d\xf2v&amp;%G\x06hlH\x19\x84\xd9-\x9b~\xfc\xe3\x1f\xff\xb5{\x1e\xfc\xaf\x9f\xf9\xdck\xff\xe8#b\xe3\xe6\xfdK\xd5\xc5\xa6\x93I\xe6[S\x0b\xe2\xec|\xe3\xde\x87?\xf5+\x1f\xf8\xf3\x97\xdd\xf6\xff\xde\xfc\x0e\xe7S\x9f^\xc7t~\xe4\xf0\x80\xefo\xee\xcfY\xcc\xf5\xfdF\xc3\xa9\x07\xd2\t\xc8\x05m\xba\x10\x88l\xad\x90\x8c\x90t\x89\xe7\x01\x8a+\xd0\x05\x80\xd2\xf3`\xcbQ.4\x12&lt;3B\x80\xb7\n\xfaN\xbc\xe2\xde\xa1g\x10\x90\xc6\x81.\x04\xcc.\xa4=|W1\x80=\n\xf8\xb6t9^n*%\xf5\x08E\xc6i\xb4\x06\x95\x92\x91\xbc\x9c\xfcmq\xb5\xd7h\x8f\x81\x1e\x03=\x06z\x0c\xf4\x18\xe81\xd0c\xe0;\x95\x01O\x84w?\xb0\xaf0\x90\xcf\xf6\xf7Y\xc9$\x972$&amp;?\xf2g\x1f\x0b%-\x96*ccc\x89\x84Q*!|\xc3+\xd98| F\x08\xa9\x90\x82\x93e\r\xa4K\x80C&amp;\x10\xab!0\xbc\x8e@\xe0\x1a2\x160\x16F&amp;\xd0\x98&amp;\xa5)\x08\xd0\xa3\xbf\xbf\x8d\x0f\x84!\x97\xbe.]]:\x86\xec\x18\xe4jhOj\x02o/\x85\x15"j\xf3\x03\xcd;]+yI)\x92Ae\xe1t:\xf4\x83;\xee\xbd\xff}\xbf\xb9\xf8\xfb\x7f\xfe\x85\x1fy\xf7\x9e\xe9\xca\x8f\xef\xb9v\xa8\xd9nV\xab\x99\xcd\x1bj\xeb\x87~\xff\xc8\x83\xaf\xff\xda\xe7\xdfy\xd7W6\xbf\xe7\xdd\xb4e+\x15\xc6\xc8\x18 &gt;@~\x9a\xcc\xbc+\xcd\x8e\xe0UO\xd4\x03\n\xed\xac\x99\xee\xd73\xfd\x1di\xb6\xa5\xd9\x95\x96\xc3\x92\x1dJ8\x94t\x98\xbd\x8a.\xb3;\xcc\xear\xbbMV\x07\x90\xa6\x91\x1d\xb02\x03"\x91\xab\xfb\xbc\xe2\x04\xed\x90\xb9\xa4\x93\x95\xa1\xbe\t\'\xd0\xc9H\xd3\xd8\xbaw\xfc\xdd\'\xfe\xfb\xe1\x83\xaf\xf9\xcb\x8fV7\x8fw\xd6\x0f%\'G\x86\x86r\xdb\x8a\x99\xc9N;\xb3\xff\xe1\x87\x7f\xfb\x83\xf7\xfe\xd0\x8f\xdd\xf5\x9e_s?\xfd\xefZ\xb96f\x19\xa6\xe6\x9f]8\xd5\xe0\x1ds0\xe5\xea^\xa8\x85\x9a\x0ct!\r\xc94I81\x0bFx\x10\x00\x84L\xc5\xb4\x10\xd6\x02J\x94Y\x1e\x00I\xabQ\x1f4\xd0\xaf\x02\xb7\xcf"H&amp;WA$\x81U\x05\'\x95\x83t\x19\xc8\x8c:\x86\x89\x17}/\'\x8c\xe2\xa9Kk.\x14\x05\xd6(z\xe2\xb3\x87\x01&lt;\xc5\xe0R\xfd\xe5\x08\x97\xd8\xa3\x00\xc9%\x00\x018\xaf\x7fj;$\x88\x80\xcb\xd9\x8c\xe7\'\xe6\xe2*b\xcd\xe5SX\xb8\xac\x1dl\xac\x00r\xbf\xbb\xd0\xebm\x8f\x81\x1e\x03=\x06z\x0c\xf4\x18\xe81\xd0c\xe0\x1bd &gt;\xe33\xc1(\xdf\x97\xd9s\xdd\xd5\xb5\xae\xf7\x85\xaf~\xd9u\xba\x9c4N\x9c\xdf|\xeb\x8d\xad\x8e\xdf?P\xe4\x06\xe2)\xda\xbcq}\xdc\x90\x8a\x91\x08\xa7F\xdc\t\x9c&amp;q\x0b\xe9\xca\x81\xf6\x00D\xa8\x02!\x08Sa\x06\x8cp\xbc\xbf\x15\x12\xafg5)\x00\xc9\x04\xe0s\x11h"@\x1e\xda`2\xe4\xc2\xd3E\xd7\x08\x1d#\xf0\xb5\x901\xbf:u\xaa\x10\xf8\xdb4+sv\x96\x1ex\xf8\xce?\xf8\x93\xe9/\x7f}\xe1\xbe\x87R\xbeG\x81\xff\x85;\xbfv\xcem\xcf\xf0\xe0\x95\x1f\xfb\xc3\xd7|\xec\x0f&gt;|\xe0\x9e \xc5i|\x80\xd0\x91\xd11\xca\x16d*\'\x12\x05id:\x9dPH\xce4\xdd\xb6\x12\xa6iyNPZ\xa8\xcd\x9c\x9d7\xb9i\xe9\x96\xa9[\x96f\xd8\x9ai\xea\xa6\xa9\xd9\x16_\x81fB\xb69r-\x03\xb2f\xceM-VKM\xdf\rM\xd3J\xd8i\xae[A\xc8\x9b\xdd\xb0\xd6p\xec\x91\t\x1a\x1e\xa5\\\xbe\x9b\xb4h\xb8\x8fvmx\xcd\xaf\xfe\xfc[?\xf1g7\xfc\x97\xb7\xcfe\xf9)\xbf\xda?9\xb2~\xc3h\x82\x05\x0b\xfb\xf65\xefy`\xdfG\xff\xd2\xfb\x97\xcfz\xf7&gt;\xb0sp\xe8\xba\xb1\x91\x01S\x93\xdd&amp;\'\x9f\x98\x17r\xc4\xf7\x81\xafI\xc4\xfc\x00\xdel\x87\x8c\xc0\'\x82U\xa4\x8a\xdb\xe8\x162\x00e|t\x8e(\\\x8eo!_\xf9x=\xbbJb.1R\x93\x13B\x8c\xb8\xb3\xbd8\xe1\xd95\x8eW\xee-F6\x1e\xe2+\xac\xf2\xa4\n_\xa1\xcd\x8b\x8aa\r\xae\x02\xfb\xca\xaa\xfc\x98\xc2E\xf5{\xb7=\x06\x1e\x87\x81^V\x8f\x81\x1e\x03=\x06z\x0c\xf4\x18\xe81\xf0D\x0cH\xe2\xc7\xceLO\xcd\xcf\xebIs\xd3\xf6-\x84\xd0\x96\x84\xe8\x1b\x1d=~r\xe6\xdc\xd44b\xa7c\xc7\x8f\x9f93\xb5bG\xc4\x02#\x15ED\x87\xc5eM\xac\xbf\x92\x14q\x17\xcc\n\xc4\xb6\x08\xbf";\x9a\x94\x9a C\x08]"\xecU\xe7@\xc1\x02\xa9\x80\x10Z$}\xbc\xb3\r\x02=\xac\xdb\xe1\\2XH\xf8]\xd3\xb3B\xf7\xf9\x9b\xb6g\x1e:f}\xf9a\xed\x9f\xbf\xf6\xe8o}x\xf6\xcb\xb7\xf7\xf7\xf7\xd3\xfa\x913\x05\xabt\xd5\xe4;\xef\xfd\xd2\x7f\xbe\xfd\xf3?\xfc\xc5\x7f\x16fH\x03i\x1a\x19\xd0\xc7\x86(eQ\xc2\x10\t\xd6fAWc]F\x95v;\xa1kV@\x86G\x9a#LO\xe6\xb8\xb5&gt;\xdf\xb7cx\xdc\xf2\xc9\xf6(\xe1Q\xd2\xa3\x94Oi\x972\xde\xc5H\xb8\x12\xb9(c\xb9\xb4eht4\x9b\xcfq\xd3t\x95)\x0bu\x05O\x9bV.\x97\xf3\x18\xab\xb5ZK\xcd\x86kq\xca\xdb4\x98\xa2\x1bv\xd2\xc6\x02\xbd\xfe\x967|\xee\xaf_\xfd\xaf\x1f\xdf\xfe\xee\x1f\xae^\xb3efr\xc0\x1d\xef\x1f\x1f\xe8\xab\xdf\xf7\xe0#\x7f\xfc\x97\xfb\xff\xefG\xe9\x0bw\'\x0e\x9f\x1b\xf5X_\xbb\x9b\xf1\x11\xd5\xfa\xbe\xee\xb5\xac\xb0\x96\x08\xea\t\xd9\xb2\x99k0\xbc\xb0\x95D`m9\x8d^\x8c\xc7\xb7!#p,HE\xb6q\xbc\x87\x94\x9e\xe5\x17\xba&amp;\x18\xfa\xa4\xc0T\xbf#E$p\xcc\x9f\x0b\x81\xb7\xdc\xd1,]\xe938\x92\x8a\x13\xd0\xb2\xa2\x8a\xbf\x19aBR\xefzV2\x80!\xbe\x10\x8cI@M{&amp;/H\x11\x0f\xc7\xb8\xf2~\xc6\x16\xd6\x96W3\x8f\xb0U*\xac\xd5CF\x96$L0\xa1R"A\xa1\x8c\x9e\xd6=V\x8a*\xcb\x88+,\xdf\xc4_\x17\xab.\xf5$.\xd7K{\x0c\xf4\x18Xf\xa0\xf7\xf5d\x19\xb8x\x9by\xb2\xf5{\xe5{\x0c\xf4\x18\xe81\xf0mf\xe0\xd2s\x9dd8\x89\xd1\x86\r\xe3\xb5V;$\x9a^*\xcdu[&lt;\xd9\xdf\xf7\'\x1f\xfd\xc8\xc6McR\xca \x14\xdbwm\xdb89qvj\x16\xee\xe3\x80\x85\x00\t\xa9\x02-\x1f\x1c\xe9I^\xea\x08\x185\xbcZO\xd9$\xc1\xa4\xd0\x84\nh5\x19\xaa\x88\x17o%eh\xc8\xd0\x14\xbe)B.\x03.]Mx\xa90\xec\xeb\xfa}\r\x8f\xee9\xf0\x17?\xfa3\x9f\x7f\xcfo&gt;\xf4W\x9fx\xf4kw\xed\xbaj\xf7\xf7\xfd\xf9\xef\xbf\xee#\x1f~\xc7\xa7?\xf1\x9a\xdf\xfdM\xda\xb8\x8e\xb6n\xf4\xd2I\xbes[3\x0c\xc96)a;\xae\xbbT-U\x9bmD\xb9\xd2\xe6\x94\xe2\xe9\xfe\x94+B\x1f\xf6I\xea\x9cqI\x9a\x94\xc2\xf3\xbb\x9d\x0e\x873Bh\xa1\x8c \xf4\x15\x99\x07\xa1\x16.\xebu\x81\\\x01\r\n{\x9d.\x05!\x17\x12o\xa6a\nf\xfc\xc0\xef8\xae4\x88Y\x9a\x96\xb2\xb2\x03y+\x9b,\xb7\xeb3\xd5EO\x0f+~\x8b\n)\x04\xde\xb4i\x9d\xfe\xea\xdbn\xfe\x8d\xf7\xbd\xea/&gt;\xf2\xe6\x7f\xfc\xdbs\x9a\xd7\xd2B\xea\xb4\x1f\xfd\xf7/~\xfa=\xbf\xfe\xf1\x1f\xfb\xd9\xf0\xb3\xb7\x8f\xfa\xf6h\xc3+:\xbe(\xc2"\x10\x00\x00\x10\x00IDAT!B\xb4\x17h\xa1\xa7\x05H}\x04p\xb4\x1c\x991R\xd7j\xb4\x87\xe7\x08\x18`\xdc*m\xf4\x89\x0bD\xe2\xb37\xc1\xaf\xb1P\x81\x03z\xa0\xa2\\|\xa9[N\xcbOF\x18\t\r\x13i\x05\x8c\x02\x86I.%\x93\xa8H\x8a\xa9e\x16\xa2[B\x1a\x83z\xd7\xb3\x94\x01\x1e\xf9}&gt;ej\x01rB\x8a\xf8\x13\xe9\x05 \xc2pG\x15\x9e\xe2\x04f\x01\xd5"15!U\x1a\x0b\x14\xdd\xae\xa4\x8c\xa9\xf9\xa7\x82o\xc2\x8cE\x15A\x0c\x1e\xd2\xca\xcc\x84\x06\xa0\xde\xd5c\xa0\xc7@\x8f\x81\xa7\x9e\x81\x9e\xc5\x1e\x03=\x06z\x0c|\xd70pvvidb\x02\xf1m\xa9\xda\xe8\x84\x92w*\xe5\x1b\x9f\x7f\xa3 \xea\x1b\xeao6[\xa7N\x9d\x03\x15x\t\x89\x14`R\xbd\xb9E\x1c\xa8\x04uDS\x073\xe8\xaf\x1c8\x89\xa2\xee\x05\xe5\x99 \x12\x9e\xdb5t-\x9f\xb0L&amp;\xfcNS4\xdbI\x16fL\xbe\xb0p\xae\x906\x87L=&lt;u\xf6j#\xb5\xa9\xc3s\x87\xe7?\xf5\xcew}\xe5\'~yb\xaa\xba+\x99\xf5\xba\xdd\xfc\xee\xad\xc7,\x9f\xd2&gt;m\x1f\x11\xa3\x83\x95\xcd[J\xa9l\xddNk\xc3\xa3\x94He\xfaGE\xc0CW\x9a\x9a\xd9\x9f/\xe6\xb2I\xc9D\x87\x82\xa6\xf0\xeb"\x08\x12\x1a%\xb5\xd0b\xc2B \xca\x98\xcd\xf4\xac\x91,$!p\x8bq\x9bq\x931\x93\x00n0@\xb3\xa0!\x08\xccd\xdc\xe2&lt;\x01h\xcc\xe6\xc9BBKid3B\x07,\x86\xf8YO\x1bZ\xd6j\n\xb7%\xbb\xd2\n\x03r\x10\xba\xe7\xd3\xa9\xd1\x81!\x83\x1b\x85\xfc \xf1D\xc8\x13\x9e\x99r2\xfd\xce\x86M\xdd\x81\x01\xda&gt;\xf9\xf6\xaf\x7ff\xe1\xea\x89\xf9\xac\xe6\x04\xe1\xcd\xa3\x9b\'\xcf5\xff\xed\xc7~\xe5\xb3\xaf\xf8&gt;:VJ\x9fZZ\xc7\xad\xea\xd93i\x9d4\xf2\xeb\xe5EK#.\x04\xf3|r}\xf2C\xdfq\x9dv\xc7\xf3&lt;u\xd0f\x84\xe0v\xf5\xb0\xcc\x88\xd4\xa8\x11\x8e\xd3\n\xf4\xac\xbdt\x9ds\x8dB\xe1\xa7\x93F\xbd^M\xa7\x0c\x11x:g\xedf\xa3\x901\xaa\xa5\xa5T\xd2\xf0\x9dn.a,\xceL\x153\xc6\xf1G\x0ff\xd2,'... (set the log level to DEBUG or TRACE to see the full content) 
 </msg>
<msg time="2026-03-03T23:10:45.920099" level="INFO">POST Response : url=http://localhost:3000/api//users 
 status=201, reason=Created 
 headers={'Vary': 'Origin', 'Access-Control-Allow-Credentials': 'true', 'Access-Control-Expose-Headers': 'Content-Disposition', 'Content-Security-Policy': "default-src 'self';base-uri 'self';font-src 'self' https: data:;form-action 'self';frame-ancestors 'self';img-src 'self' data:;object-src 'none';script-src 'self';script-src-attr 'none';style-src 'self' https: 'unsafe-inline';upgrade-insecure-requests", 'Cross-Origin-Opener-Policy': 'same-origin', 'Cross-Origin-Resource-Policy': 'same-origin', 'Origin-Agent-Cluster': '?1', 'Referrer-Policy': 'no-referrer', 'Strict-Transport-Security': 'max-age=15552000; includeSubDomains', 'X-Content-Type-Options': 'nosniff', 'X-DNS-Prefetch-Control': 'off', 'X-Download-Options': 'noopen', 'X-Frame-Options': 'SAMEORIGIN', 'X-Permitted-Cross-Domain-Policies': 'none', 'X-XSS-Protection': '0', 'Content-Type': 'application/json; charset=utf-8', 'Content-Length': '848', 'ETag': 'W/"350-0kDZ/6qu9chlDgbsDGSVgWSULQg"', 'Date': 'Tue, 03 Mar 2026 16:10:45 GMT', 'Connection': 'keep-alive', 'Keep-Alive': 'timeout=5'} 
 body={"success":true,"message":"User created successfully. Please wait for verification.","data":{"id":"cmmat15hu002zqmuchjl12rpu","username":"passenger","email":"passsenger@test.com","firstName":"passenger_firstname","lastName":"passenger_lastname","gender":"MALE","phoneNumber":"0123456789","profilePicture":null,"nationalIdNumber":"0123456789545","nationalIdPhotoUrl":"https://res.cloudinary.com/dzwufpu2x/image/upload/v1772554245/painamnae/national_ids/qydqo4tgsabdak9w7val.png","nationalIdExpiryDate":"2025-12-23T00:00:00.000Z","selfiePhotoUrl":"https://res.cloudinary.com/dzwufpu2x/image/upload/v1772554244/painamnae/selfies/qh7ogj0fgtbyrsynd5uk.png","role":"PASSENGER","isVerified":false,"isActive":true,"otpCode":null,"lastLogin":null,"createdAt":"2026-03-03T16:10:45.907Z","updatedAt":"2026-03-03T16:10:45.907Z","passengerSuspendedUntil":null}} 
 </msg>
<msg time="2026-03-03T23:10:45.920420" level="INFO">${response} = &lt;Response [201]&gt;</msg>
<var>${response}</var>
<arg>${REGISTER_URL}</arg>
<arg>data=${data}</arg>
<arg>files=${files}</arg>
<doc>Sends a POST request.</doc>
<status status="PASS" start="2026-03-03T23:10:41.467231" elapsed="4.453371"/>
</kw>
<return>
<value>${response.json()}</value>
<status status="PASS" start="2026-03-03T23:10:45.920749" elapsed="0.000223"/>
</return>
<msg time="2026-03-03T23:10:45.921769" level="INFO">${response} = {'success': True, 'message': 'User created successfully. Please wait for verification.', 'data': {'id': 'cmmat15hu002zqmuchjl12rpu', 'username': 'passenger', 'email': 'passsenger@test.com', 'firstName...</msg>
<var>${response}</var>
<arg>username=${PASSENGER_USERNAME}</arg>
<arg>email=${PASSENGER_EMAIL}</arg>
<arg>password=${PASSENGER_PASSWORD}</arg>
<arg>firstName=${PASSENGER_FIRSTNAME}</arg>
<arg>lastName=${PASSENGER_LASTNAME}</arg>
<arg>role=${PASSENGER_ROLE}</arg>
<arg>phoneNumber=${PASSENGER_PHONE_NUMBER}</arg>
<arg>gender=${PASSENGER_GENDER}</arg>
<arg>nationalIdNumber=${PASSENGER_NATIONAL_ID_NUMBER}</arg>
<arg>nationalIdExpiryDate=${PASSENGER_NATIONAL_ID_EXPIRY_DATE}</arg>
<doc>Create User</doc>
<status status="PASS" start="2026-03-03T23:10:41.460194" elapsed="4.461684"/>
</kw>
<kw name="Log To Console" owner="BuiltIn">
<arg>Creating Driver: ${DRIVER_USERNAME}</arg>
<doc>Logs the given message to the console.</doc>
<status status="PASS" start="2026-03-03T23:10:45.922068" elapsed="0.000705"/>
</kw>
<kw name="Create User" owner="guest_service">
<kw name="Create Dictionary" owner="BuiltIn">
<msg time="2026-03-03T23:10:45.924710" level="INFO">${data} = {'username': 'driver', 'email': 'firstt99000@gmail.com', 'password': 'Driver1234567', 'firstName': 'driver_firstname', 'lastName': 'driver_lastname', 'phoneNumber': '0123456789', 'gender': 'MALE', 'na...</msg>
<var>${data}</var>
<arg>username=${username}</arg>
<arg>email=${email}</arg>
<arg>password=${password}</arg>
<arg>firstName=${firstName}</arg>
<arg>lastName=${lastName}</arg>
<arg>phoneNumber=${phoneNumber}</arg>
<arg>gender=${gender}</arg>
<arg>nationalIdNumber=${nationalIdNumber}</arg>
<arg>nationalIdExpiryDate=${nationalIdExpiryDate}</arg>
<arg>role=${role}</arg>
<doc>Creates and returns a dictionary based on the given ``items``.</doc>
<status status="PASS" start="2026-03-03T23:10:45.923687" elapsed="0.001224"/>
</kw>
<kw name="Get File For Streaming Upload" owner="RequestsLibrary">
<msg time="2026-03-03T23:10:45.925719" level="INFO">${id_card_file} = &lt;_io.BufferedReader name='C:\\Users\\ChxraWish\\Documents\\clone\\Sec02_G04_SoftwareEngineering_PaiNamNaeWebApp\\tests\\resources\\services/../userImage/id_card.png'&gt;</msg>
<var>${id_card_file}</var>
<arg>${id_card_image_path}</arg>
<doc>Opens and returns a file descriptor of a specified file to be passed as ``data`` parameter
to other requests keywords.</doc>
<status status="PASS" start="2026-03-03T23:10:45.925283" elapsed="0.000646"/>
</kw>
<kw name="Get File For Streaming Upload" owner="RequestsLibrary">
<msg time="2026-03-03T23:10:45.926453" level="INFO">${selfie_file} = &lt;_io.BufferedReader name='C:\\Users\\ChxraWish\\Documents\\clone\\Sec02_G04_SoftwareEngineering_PaiNamNaeWebApp\\tests\\resources\\services/../userImage/selfie_image.png'&gt;</msg>
<var>${selfie_file}</var>
<arg>${selfie_image_path}</arg>
<doc>Opens and returns a file descriptor of a specified file to be passed as ``data`` parameter
to other requests keywords.</doc>
<status status="PASS" start="2026-03-03T23:10:45.926081" elapsed="0.000480"/>
</kw>
<kw name="Evaluate" owner="BuiltIn">
<msg time="2026-03-03T23:10:45.927269" level="INFO">${id_card_tuple} = ('id_card.png', &lt;_io.BufferedReader name='C:\\Users\\ChxraWish\\Documents\\clone\\Sec02_G04_SoftwareEngineering_PaiNamNaeWebApp\\tests\\resources\\services/../userImage/id_card.png'&gt;, 'image/png')</msg>
<var>${id_card_tuple}</var>
<arg>("id_card.png", $id_card_file, "image/png")</arg>
<doc>Evaluates the given expression in Python and returns the result.</doc>
<status status="PASS" start="2026-03-03T23:10:45.926725" elapsed="0.000676"/>
</kw>
<kw name="Evaluate" owner="BuiltIn">
<msg time="2026-03-03T23:10:45.928223" level="INFO">${selfie_tuple} = ('selfie.png', &lt;_io.BufferedReader name='C:\\Users\\ChxraWish\\Documents\\clone\\Sec02_G04_SoftwareEngineering_PaiNamNaeWebApp\\tests\\resources\\services/../userImage/selfie_image.png'&gt;, 'image/png')</msg>
<var>${selfie_tuple}</var>
<arg>("selfie.png", $selfie_file, "image/png")</arg>
<doc>Evaluates the given expression in Python and returns the result.</doc>
<status status="PASS" start="2026-03-03T23:10:45.927540" elapsed="0.000878"/>
</kw>
<kw name="Create Dictionary" owner="BuiltIn">
<msg time="2026-03-03T23:10:45.929007" level="INFO">${files} = {'nationalIdPhotoUrl': ('id_card.png', &lt;_io.BufferedReader name='C:\\Users\\ChxraWish\\Documents\\clone\\Sec02_G04_SoftwareEngineering_PaiNamNaeWebApp\\tests\\resources\\services/../userImage/id_card....</msg>
<var>${files}</var>
<arg>nationalIdPhotoUrl=${id_card_tuple}</arg>
<arg>selfiePhotoUrl=${selfie_tuple}</arg>
<doc>Creates and returns a dictionary based on the given ``items``.</doc>
<status status="PASS" start="2026-03-03T23:10:45.928573" elapsed="0.000609"/>
</kw>
<kw name="POST" owner="RequestsLibrary">
<msg time="2026-03-03T23:10:50.144709" level="INFO">POST Request : url=http://localhost:3000/api//users 
 path_url=/api//users 
 headers={'User-Agent': 'python-requests/2.32.5', 'Accept-Encoding': 'gzip, deflate', 'Accept': '*/*', 'Connection': 'keep-alive', 'Content-Length': '1652879', 'Content-Type': 'multipart/form-data; boundary=5f38d96bc7e3bd44805051a93b437138'} 
 body=b'--5f38d96bc7e3bd44805051a93b437138\r\nContent-Disposition: form-data; name="username"\r\n\r\ndriver\r\n--5f38d96bc7e3bd44805051a93b437138\r\nContent-Disposition: form-data; name="email"\r\n\r\nfirstt99000@gmail.com\r\n--5f38d96bc7e3bd44805051a93b437138\r\nContent-Disposition: form-data; name="password"\r\n\r\nDriver1234567\r\n--5f38d96bc7e3bd44805051a93b437138\r\nContent-Disposition: form-data; name="firstName"\r\n\r\ndriver_firstname\r\n--5f38d96bc7e3bd44805051a93b437138\r\nContent-Disposition: form-data; name="lastName"\r\n\r\ndriver_lastname\r\n--5f38d96bc7e3bd44805051a93b437138\r\nContent-Disposition: form-data; name="phoneNumber"\r\n\r\n0123456789\r\n--5f38d96bc7e3bd44805051a93b437138\r\nContent-Disposition: form-data; name="gender"\r\n\r\nMALE\r\n--5f38d96bc7e3bd44805051a93b437138\r\nContent-Disposition: form-data; name="nationalIdNumber"\r\n\r\n0123456789543\r\n--5f38d96bc7e3bd44805051a93b437138\r\nContent-Disposition: form-data; name="nationalIdExpiryDate"\r\n\r\n2025-12-23T00:00:00.000Z\r\n--5f38d96bc7e3bd44805051a93b437138\r\nContent-Disposition: form-data; name="role"\r\n\r\nDRIVER\r\n--5f38d96bc7e3bd44805051a93b437138\r\nContent-Disposition: form-data; name="nationalIdPhotoUrl"; filename="id_card.png"\r\nContent-Type: image/png\r\n\r\n\x89PNG\r\n\x1a\n\x00\x00\x00\rIHDR\x00\x00\x04\xf5\x00\x00\x03 \x08\x02\x00\x00\x00\xc4\x11\xc0\xb1\x00\x00\x10\x00IDATx\x01\xec\xbd\x07\x80eGu&amp;|\xaan|9tN3\xd3\x93\xa34\n \x01B\x12Q\x98\x1cLvX{m\xaf\xbd^\xe3\x80ml\xd6`c\xaf\x03\xde\xdd\x1fv\x9d\r8\x9b\xb5\xb116`\xb0M\x14(\xe7\x89\x9a\x9c:w\xbf\x1co\xac\xfa\xbf\xba\xb7\xbb\xa7\'H\x1a\x81\x04\x12\xbc\xcb\xf7\xea\x9d{\xaa\xea\xd4\xa9\xaf\xc2\xabsok\xe0\xa4k\n\x9aI\x9a\xce\xb8\xce4\xce4\x02L\xdb N\x8c)\x10#\xc00\xa2\x0c#EV!U\x98 =\xc7\xd3\x83d\xe5)Q\xa4\xbeQJ\xe6\xafz\xf9+?\xfa\xd9\xcf\x1d\xef:g\x85\xdc\xd7l?Pn\xeck9\x87["\x82&lt;\xdczZp\xb0%\x81\x03m\xb9\x8a}\x1d\t&lt;\xd2\x15\x0f;\xe2\xe1\xae|\xd0Y\xc6#\x1dU\xe6XC\x9c\xac\x89\xd3uy\xbc.\x8e4\xa2\xbaM\xb1\xbf%\x0e5\xc5\xa3uq\xa2*N\x97\xc2\xe9\x0597\'\xe7g\xc5\xf4Bx\xac.\xf7\xb7B\x14x\xb8\x15\xc2\x02\xb0\xda\x10\x84\x83m\x11!8\xd8\x06\x94|A7\x9b\xf2pS5\x01\x0f!(\xb4\x9e\x16\x12.h\xb4\xd7D\x8f\x81\x1e\x03=\x06z\x0c\xf4\x18\xe81\xd0c\xa0\xc7@\x8f\x81\x1e\x03=\x06\x9eY\x0c\\\x1c\x15\xde\xbf\xd0&lt;\xee\xca\x7f;x\xba\xb0\xe3:J\xf7Q\xaa/3\xb9\x9b\xec\x01\xe2i\xcb*d2CD\xb6\x023\x89\x19\xf9B\x1f!F\xe5\x8c\x99\x9ct\x02\xa0&amp;\x83A \xce\x00\xb6rqR\x17R\xa1\xbeY\x94*\x89&lt;\xcf\xcff3\xe9t\xca0t|3F\xbe\x1f\x1a\x86\xc19\xa70\xccf\xb3(%9\xcb\x0f\r\xfd\xfb\xed_=q\xe2\xf8\xd1\xa9\xe9\x7f\xfb\xb7\x7f}\xd5\xab\xbe\'a[\x1d\xc7\xf3}\xdf\xb4\xadT\xcaB\xb1o\x17\x98\\n\x99K\x02\xa2\x1b)\x98\x00\x02\xf4\x81\x0b\xc1\xa5 !4\x12\x8c|N\x01\xa7\x90\x91\xe0\xcc\xd7\x94\x1chL0\x92J\xc1@\x9a\xce\x98&amp;eD&amp;AX\x81\xd0\xe4\x05`r\xa5U\xb4\x17=\x17\xc0w\x0f=\x06z\x0c\xf4\x18\xe81\xd0c\xa0\xc7@\x8f\x81\x1e\x03=\x06z\x0c\xf4\x18\xe81\xb0\xca\x80\xa6iA@;wn\xf8\xc7O\xfd\xd3B\xbd4\xb5\xb4\xf8\xbf\xfe\xd7\xef\xf6M\x8c\xf6\x8d\x8e\xb8\x9e\xdbl5\xedT\x12\x85S\xa9\x14J\xd6j5\xc6\x10\\\x91\x14\x02\x11\x1a\xf4k\xa3.\xdc\xae\x82\x93d$%BAF"\xd6\xaa;(\x89,\xcbj\xb5:\xbe\x1f\x84R\xa8\xa0\x8d\xb3d&amp;m%\x12\xc4hnf\x8a\x98\xac\xd4\xe6\x8f\x1c?r\xfds\xf6\xb8\xaek\xd8V\xa3\xd9]\xac4\x16K5\xd7\xf5-3\x81`\x18\xad\xc76\x9f\xd64r\xf6\xe2\x16\x18\xb4\x921\xa9"[\xa4\x00\x1c&amp;\x04\xb7&lt;\x08t\xdf\xd7\x03_\x0b&lt;\xdd\xf3\x8d\xd0\xd7D\xa0S\x04\xd65\xc8\xd1\x99c\xc8\xae%]C\xfa\x08j\x99\x8c#XSJC\x04\x80\x1e\xfa\xa6\x0c\r\xe1\x01f\x18\x00V\x18F\x08t\x81HY0\xa9\xd8Zu\x08\x0f\x0f\x00\x90\xa6\xb0\xaa\xfd\x0e\x11z\xdd\xe81\xd0c\xa0\xc7@\x8f\x81\x1e\x03=\x06z\x0c\xf4\x18\xe81\xd0c\xa0\xc7\xc0\x132\x80\xe8\x148_,\x93I\x04APo\xb8B\x88\x90\x93n\xf3\xd7\xbe\xe1{\xfe\xfao\xfe\xf2\x91\x83\x07\xbez\xcf=C\x13\xe3\x8e\xd3E\x005\xben]\x18\x86###\xba\x85\x17\xb9\x88YW\x8cH\xc4vx\x17I\x17]*\xf2R*&amp;T\xba\xe6\xc3uci\xa9\x84W\xbd\x08\x12\xdb\xed\xaei\xaa7\xb1\xf5j\xbd\xebt7\xef\xd81\xbb\xb4\xd8t\xea\xf5\xa6\xfb\x95\xdboG%\xa6\xf1v\xbb\xddq&lt;!\x99\x9dL%\xd3x\xebk@3?\xbb\x80\xdc\xa7\x0f\x17;}aK\xe8\xba\x02zN`\x86\x10\xe2*\x90d\x12\xefh\x11\x88\xe2e-bW\xa4\x90\x15P\x82!"F\xc8\x8f7\xb7\x9c\t\x8d\x85\x88{5\xd0\x1d\x84&lt;\xf0\xb9/\xb8\x10&lt;\x0cy\x180hdd\x08\xb6 \xa0\xdf\x80$\xba\xc8#h\x00\xea]\xdf\xad\x0c\xf4\xfa\xddc\xa0\xc7@\x8f\x81\x1e\x03=\x06z\x0c\xf4\x18\xe81\xd0c\xa0\xc7\xc0e\x18\xa8V\x9b\x96\xa5\xe7s\xd6\xe8\xf8\xd8\xd9\x99\xa5\x93g\xe7\x9c\x90\xae}\xee\xd5\x1e\x89\x9d{\xf7\x1cx\xf4\xd0\x0c\xa2Q];z\xec\x08q&gt;\xb7\xb0\xe8{\x9e\xb2\xc2\x98a\xda\xa6n!\xf0\x92\x17\xc5^*\x1b\xf1+E\xa1]tC\x923\xd28i\x08\xf3L\xd3$b\xc5\xfe\xc1\x89\xf5\x93D\x9c\xb8~\xedso@\xe6\x7f|\xf5\xcb\xf7?rO\xb5\xdd&lt;zr:\x9b\xb5n\xbd\xf5\x96}\x07\x8f\x16\xfas\xfd\x03\xb9\x81\xc1\\2\x99\xf4&lt;\xaf\xd9l\xe1\x8dn&amp;\x95\x1e\x19\x19\xa2o\xf9\xc5\xa5zg\xbb\x9a2Z\xbe\xd5$\x01fH\xb6\x90f\x10&amp;\x02\x91\xf4\x85\x1d\x88D\x10\x9a\x81o\x05\xc2\x08\x85)B]J] \xee\x95\\J\xc1\x84\xab\x8b\xb6)#\x84-3l\x1aa\xdb\x84Ft\r\xd11E\xc7\x10\x8e.\xba:\x01\xaeF\xbe\xa6\xd8\x94l\xb5\xcf\x90\x00u+\x88\x00%\xf5&gt;=\x06z\x0c,3\xd0\xfb\xea1\xd0c\xa0\xc7@\x8f\x81\x1e\x03=\x06z\x0c\xf4\x18\xf8\xeec z\x0388\x90\xd15\xeate&amp;c\x0c\x0c\x0c\xf4\x0f\rWj\xad\x85j{\xb1V\xe5&amp;}\xfd\xfe{CS;\xbb\xb4\xf8\xe0\xa3\x8f\x0e\xae[\xa7%\xd5\x1f\x11\x13\xc2\xd2\x90\x0cM\xd3\xb9\xc6\x10tI\xb2\x0c\x8bI\xbc\xa6&lt;\xcf\xe1\xca\xfb\xdb\x15\x8d\xc4\x05YFz\xc6\\\xdf[XZ$\xce\xb6\xef\xd8\xf5\xbe_\xfd\xc0\xbf~\xe1\x0b\xcf\xb9\xe1\xfaz\xdb\xb3\xd3\xe9\xc9-\xe3_\xbf\xfb\x01/\x08v\xee\xdeVot\xa6g\x16\xe6\xe7\x97\xea\xf5\xaa\xe38\x81\x07u\x00K&lt;2\x03{O\x1f\xd0\xaf\xc72\x1ewU\x13\xaa\xc3\x90\x11\xf1"ex\xeb\x8a:\xea?\xa4\x85s1\x10\xce\xb3\xd8\x88$\x02\xf0J7\xe0*XU)\'&lt;B\x88@\x01\xe7\x81\x16\xa5\x9c\x87LADi\xc8\xb4\x08,d\x1c\x9a\xd8T/\xed1\xd0c\xa0\xc7\xc07\xc7@\xafv\x8f\x81\x1e\x03=\x06z\x0c\xf4\x18\xe81\xd0c\xe0;\x96\x01\xbcV\xf5}\xff\xcc\x99S\x0b\x0b\xf5\xe9\xe9Y!\x04cZ"\x99\x1a[?:]\xae\xed\xb9\xee:+e\xed?rxpl\xfc\x91G\x0f=r\xf0\xd0\xc0\xd88\xa1\x0ec\x9dV\x17\xe1&amp;\x82MPc\x18\x06\xd2\xb5@\x80\'\x88\x04\xb2\xa5\x10\xc4\x14\x18^\\r\x890\x15am\xab\xd1\xf0\x1co\xf7\xdek\xff\xdb\xcf\xfe\xcc\xcb_\xf1\xf2\x9bny\xe1C\x07\x0e\xeb\t\xd3\x97\xa2\xe9\x88\x1b\x9fw\xbdn\xeb\x8f\x1e=\xe5\x85\xe1\xd0\xe8\xd0\xd0\xf0\xc0\xe8p\xff\xd8p\xdf\xf0P1a\x19\x95R\xe9\xe4\xf1\xd3k\x1b{\x9ad\xc1(Fl\x9fIR \xc4\xe8\x00\xa1\x87xm\x0b0\x89 \x96{\\w4\x03\xe8F)\x04W\xd3c8:\xef\xea\xbcc\xb0\x18m\x83A#H\xd7\x98\xa1\xe1\xd1\x00\x9e\x14\x08M\x0b\x8de\x08%\xf0\xd0`\xc2\xe0\xc2\x04\x984\x99\xd4\xb9j\x05\r\xd1E\x17\xdc\x00.R\xe2V\x80}|\xf5\xd0c\xa0\xc7@\x8f\x81\x1e\x03O\x8e\x81^\xe9\x1e\x03=\x06z\x0c\xf4\x18\xe81\xd0c\xe0Y\xc6\xc0\xda\xd8\xe7\xe8\xf1)D\xa7[\xb7n\x1a\x1e\xca\x8d\x8c\x0c\xa5S\x1a\xe7*\xac\x9b\x9e/\xa7\n\xf9Ss3\xa7f\x16\xae\xbf\xe1z3aT\xea\x8d\xc1\xd1\x91_\xff\xad\xdfz\xc5\xab_C\x9aN\x8c\x05A@\x84\xe2\xccw\xa3?Z^C\xc3\x9a\x98\x8b\xb1X\x8fV\x89A\xcf\xfa\x86\x86\x89x\xaaP\xf8\x93\x8f~\xf4m\xef|\xfb\x99\xa9\x85\xa9\xd9\xf2\xf6];\x97\xaa\xb5T&gt;Yn\xd4*-\xe7\xcc\xd4\xec\xe6m\x1b-\xdb\xeet\xbd\xa5R\xe5\xdc\xf4\xfc\xfcB\xb9\xdb\xf1l\xdb\x1a\x1c\x1c\x98\x18_\x1f\xdb|\xbaSya\x03\xf0\x9eKb\x11\xb8 m\x05P\xa2GR\xa8?#\xe6Rg2z\x0f+\xb8.5\x1e\x92\x82\x8aNIE\xfb\xd1\x87If\x84\xdc\xf2\xf5D\xc0\xad@\x07l_7}f\x07\x1c\xa9\x110#\xe0\x80\x1e0= \xc3\'-P\x8d\xae\xf8"W\x84\xdew\x8f\x81\x1e\x03=\x06z\x0c\xf4\x18\xf8\x163\xd0k\xae\xc7@\x8f\x81\x1e\x03=\x06z\x0c&lt;\xa3\x19\x18\x1d\x1d\xe7\x1a\x9d;7So8\'O\x9e\x14\x92\x84 \xd7\r\x8a\x83}m\xdf\x9f\xdc\xb2\xa904\xb4Xo\xceW\xea\xb9b_\xdbq\xdf\xfa\x8e\xb7\xbf\xee\xf5o\x18\x1c\x1d\x8dbU\xae\xeb\xbad\xdc\xf5\xbd\x8b:\xc9\x93\xc9\xa4\x94\x94\xc9\xa4H\x85u\x02oq7l\xd8\x88\xc09\x99\xcd\x97\x17\xcb\xebw\xec\xfc\xc4\xa7&gt;\xbd\xeb\xea=gg\x17\x1b\x1dgh\xb4\xaf\xd9u\xadd\xaa\xde\xf1\xadtFr\xad\xd0\xdf\xd7\xec\xb8!\xaa\x91\xc4\xdb\xe4|\xb1/\x9d\xceJ\xc9\xdc\xae\xef\xbb!L^\xd4\xdeS~+\x18!\x8ed\x97\xd8\r\xfd\x00J]\x92F\x04A\x93drJ\xea\xcc\xf4\xc34\xf1\x0c\xe3\xa9\x90\xa5\x03\x96\x97&lt;\x1f\xb0tGf]\x022\x0e\xa5\x1dJy,\xe93\x95\xba\x12\xb7Y\x97e\x1d\x96\xe9\xaa,\xdcB\x9fp\xa4\xdd\ry\xbd\xcb\x1a\xae\xedRB\x10\xc2]\xcd\x15\x86/B\xc7\xb3\x0c\xb2m"\x12\x1cB\x8at\x9dj\xb5\x1a\xee/\x0b\x15\x8a_6\xa3\xa7\xec1\xd0c\xa0\xc7@\x8f\x81\x1e\x03=\x06\x9e.\x06zv{\x0c\xf4\x18\xe81\xd0c\xe0\xdb\xc0\xc0r\xec\xc3\xe2\xa6Y\xa7#\x07\x06G\xb9fm\x98\xdc\x02\xd9\xb6\x13\\\xd3\x1dOJ\xd2\xbbN\xe8\x84&gt;7m\xc3\xb6\xdb.\x02Kv\xfc\xd4\xe9w|\xff;?\xfd\xaf\x9f\xb3\xb3Y\xe2,\x08\xc4\xe0\xd0\x081-\x9dN\x1b\x86\xc1\x18+\x14\nxG\xa9\xe2[\x98\xf7}\x9f1\x02\x88\xf33gN\x0f\x8d\x8fu\xda\xed\x1bn\xb9\xf5\x7f~\xe8\xc3\xd7&gt;\xf7\xb9\x01Q\xbe8\x90\xef\xeb?;[\x16\x8c\x87\x8cB\x1e\x01Bt+\x18\tZ\xf6V2\xd8\xfb\xb6\x81I\xe5\x07\xd2l\xc608\xf3=\xcf\xebtC\xd7\x95A\x10z\xa1\xdb\xf2\xb3i\xdd\xd4)\xf4D\x17\xf1z\xa3\x134=\xdd\xa3\x84df M\x1f\x10\x96/\xcc@\x98\xbe0\x90\n\x19\xffsSL\x08&amp;$\xa0"v\xf4\x96\xa8\xd0o\xe4\x8a)#a;"\xe8x\xbe/C25ni\x86m\xa2\xf3\xbeO\x8e\xe3T\xab\xb5J\xa5\xedya.\x97\x85\xb2\x87\x1e\x03=\x06z\x0c\xf4\x18\xe81\xd0c\xa0\xc7\xc0\xb3\x81\x81\x9e\x8f=\x06z\x0c\xf4\x18\xf8\xd60\x80\xd0\xf1&lt;D\xd4\xa6$&amp;\x88I\xc6%qA\x88=\xb9`\x90\xd9\xc6\x8d\x93GN\x9c"];73\x8d\xa0ut\xfd\xba\x85\xc5\x85T6\xd7l"\xe0\xf2\x84\x10\x95J\x851\xc6K\x8b%\x9dG\xafw%\xf5\x0f\x0e3\xdd \xc9\x17f\xe7v^s\xed\xbb~\xee\xdd/y\xc9-xk|\xe2\xecR\xcb\x0f\xd3});\x9b\xf69\x05\x9c$S\x10\x8c"\xa0=\x04\xb7$"\x87\xbe\xc5\x89$\xe5\t\xd2\x8b\xda\xf5:\xe4\xbb\x01\x17\xa1m\xe8\xb9\x94\x95K\xe9\tC#M;y\xae4Sntd\x90,$\x0b}\xc9D\xc6d\x1a\x82\xd6PJA\x11\xb8\x10\\\x04\\"\xa8\x07M\x9e\nTY\xd7\xe5\x9e\xa3\x05]=\xe8\xe8\xa2\xad\x07M\x83=r\xae|\xb2\xde\xaah\x81\x93\xd1\xbd\x9c\xd1\xceh%=\\\xf0\xdc\xd0 &lt;^\x90\x92R\xa9T:\x91\xd4\x88\xe9\x1a\xcb\xa69\xdc\xbc\xc8\xc3\xdem\x8f\x81\x1e\x03=\x06z\x0c\xf4\x18\xe81\xd0c\xa0\xc7\xc0\xb3\x90\x81\x9e\xcb=\x06z\x0c&lt;\x19\x06\x10\xaa\x01\x97\xd4`\x12Q\xec\xaaV\xae\x86K\xd0su\x87\xb8\x171T\x0c\xc2\x1b\xd6n@\xbaeo\xdd\xbee\xb1Zn\xf9\xce\xec\xfc\\n`\xa0\xddj\x11c\xd9|\xce0\xd4?4\xa5i\x1a*P.\x97\x0b\xd4\x7f\xa1\xcb\\\xd7O$\x12h\x84[\xe6_\xfe\xd5\xdf&lt;\xf7\x86\xe7u\x1cYm8\xa4\xe9\x8df\xbb\xd9\x91\xc9\xb4%\x18\x02h\xd5\x00\x1aEp+\x99\n/c\x01\x15\xbf\x8d\x80?\xab\xad\x83\x94N\xbbC\xa1H\xda\x89t\xd2\xd0\x18b\xdd\xd0\xed8\xedvkp]\x7f\xba?\xab%\xb5@\x0b\x9b~\xb7\\[ZX\x9c*\x97gt\xdd3\xb5eX\xdc\xb34\xc7V\xa9\x9b\xe0\xbe\r0/\xc1\xbd\x04\x0bl-4\xf5\xd0\xd4\x824\x82\xfd\\\xcaN\xe9\xcc\xc0\xabl\xf5\x9eW\xb343cu\\\xbf\xd1l:\x8ekY\x94\xc9\x98\x96e\x85a\xe8!X^u\xae\'\xf4\x18\xe81\xd0c\xa0\xc7@\x8f\x81\x1e\x03=\x06z\x0c\xf4\x18\xf8\x8ee\xa0\xd7\xb1\x1e\x03\xdf\x14\x03\x8cT\xdc\x8b\x80\x8e!\xc8$\x84\xbd\\\x10\x97\x8c/\x94\xcb#\x13\xa3S\x8b\x8bCcc\x07\x8f\x9f\xact\xdb\xf5zUK\xda\xc4\x08/o\xb3Y\xf5\x07\xb3\xba\xae\xf3t&amp;\xd1j\xb5\x10\x8f%\x93\xc9F\xb5\xd6i\xb6\xf0\xaaw\xff\x81C\x9b\xb6l\x10B.U\xaav\xc2\x1e\x1f/dr\xd9Z\xa39\xbb\xd8$X\x8f \xa2@W\xa2\xc9\x0b\x01Wb\x05\x93"\x16\xbe\xe1\x14\xa6\x80\xc7\xaa\x0e\xeb\x92]&amp;3\xae\x92H\xd8\xc9\x84i\x19\x88le\xbd\xd2\xa9!Lw;\xa6%C\xee5\xc3\xf2|s\x1ah\xbaKz\xd2\x9b\xd8\x90\x9f\x9c,\xca\xb0\x12\xca\x92\x14\xc0\xa2\x14\x8b\x14\x94XP2\xfcr\xd2)g:@-\xd3\xa9\xa5;\x95t\xbb\x94VBm[\xde\x1e3E\xd6\xeb6\xce\x9d\x99=z\xa85?kz][\x84i\x93k$;\x9dN\xad\xe6v\\\xf2\x85\xec:^\xb9\x0c\xde\x18\x1c\xbe\x8c\xbb=U\x8f\x81\x1e\x03=\x06z\x0c\xf4\x18\xe81\xd0c\xa0\xc7@\x8f\x81\x1e\x03\xdf-\x0c|\xf7\xf5\x13!\x1bBP\xba\xf8\xaf}\x11\xca\x01\x88\xdd\x00"U\x08\xaf^!s\x19\xddD*\x8e\x12\xa4.DR\xa6\x9d\xe8x\xc2\x13rja~b\xcb\xa6\xd3ss\xf3\xed6\xd9\x16qj5\x9b\x8dF\x03\xe5\x1c\xc7\xe1\xcdf\x97se\n\xaf\x19\xa1\xda{\xed\xf5?\xf7\xf3?\xbf~\xc3\xf8\xf4\xf4\x92\xa6\xeb\xe9L\xae\xda\xe8\x94\xab]]g\x85\xbe,\xd74\x98F1@\xe2\x03/\xe1\t=\xde+\\\xb8\x18\x15\xbc Y5r\x816\xbaY[\x1e\xdd\x01"\xf5\x13$q1\x01g\x18D\xa9Ii\xeb\x1c\x91~\xd8\r\xa4\xeb\xda\x9c\x0fe\xb2[\x87\x8b[\x8b\xb9!\xd7\x1d\xefv\xae\xb6\x13\xcf+\x14\xf7\xe6r\x13\xd5\xbav\xe0\xb0y\xf8\xe8h\xbb\x03\x0c\xb7\x9a\xc3\xed\xe6h\xab9\xdam\x8f\xb6[\xc3\x8dF\x7f\xa9\xdc\xb7X\xee[*A\x18\xacT\x86\xab\xb5\xb1z}\xa2\xd9v\xee\xba\xabozn\xbd\xa4\x17\x0e\x0c\xbftl\xf2\x85\xfd\xa3\xbb4k\xa8\xdd\x191\xb4\x89bv \x9b\x0e\xbb]\xb7\xd6\xb09\xcf\'\x93\xb6a2)9\x813@\xf5\xe5"\x06\xd8\xb2Ze\xad~.*\xb3\xaa\xef\t=\x06z\x0c\xf4\x18\xe81\xd0c\xa0\xc7@\x8f\x81\x1e\x03=\x06z\x0c\xf4\x18\xf8\xcec\x80\x93zy\x8b\x983F\xd4A\xc4x\x08Wy"\x95&lt;7=54&lt;T\xae7\xa6\xe6\xe6\x06G\xd5\xbb\xdc\x7f\xf8\xd4\'\x9f{\xd3M(fX&amp;.\x08\x1c\xc5S\xa9\x14\xe2+\xd7\xf1\xfb\x87\x86\xff\xe4\xa3\x1f\xf9\x89\x9f\xf8/G\x8e\x9f\xd2\x0c\xddL\xd8\xa4\xf1F\xab^*\x97\x03)M\x93\xb2\xb9$1\xa1\xc2HT]\x85\n\xdcTh\r\xbd\xc0\xab]\xb6\x9c!\x19\x02:\xb8B0\x1e\xab\x10\xb0\xc5\x90\x17F\xf0(p).\xaa\x82\x8a\xb1\x06%ca9\xc5}\x04\xc9%\x02m.\x05\xa7@\x93\x01\xde\xdb\x8aV\x93:\x9d4\xd1p\xc2\xcc\x04^\xe3\xf8\xf4\xd2\x1d\x0f\xa4\xf7\x9d\x18\xba\xffX\xee\x9eG\xe9\xab\x8f\xd0\xdf\xfe\xeb\xb9\xdf\xf8\xbd/\xbe\xf3\xbf\xfe\xbf\x97\xbe\xe9\xd3/~\xe3gn}\xd3g_\xfc\xbd\x9f\x89q\xcb\x1b?\xfd\xe27\x7f\xf6\xa5o\xfe\xfc+\xdf\xf1\xef\xafy\xc7\xe7_\xf3\xf6\xcf\xbd\xfa-\x9f~\xf5[?\xf5\xaa\xb7\xfc\xc3\xf7|\xef\xc7_\xf1\xc6\xea\xc7\xfe^~\xfa\x8b\xf4\xf5G\xd8\xbe\x13\xf6\x91)\xbe\xff\xa4v\xdf!\xe3\xbe\x83\xf3_\xbf\xd7n\xb4GL\xa3\xdf\xd2\xd2\xd2\xef3x\xc1fi\x9dt\x19p)\xa2~\xe3KJ&amp;\xd1# \xf2]Q\x14\x0bq\xa7\xa0\x07VY\x82\x1c\xeb\xe32\x97M\xe3\xe7\x1eD\x9f\x00\x00\x10\x00IDAT\x02\xbd\xb4\xc7\xc0w6\x03X\x0b@\xdcG\x08\xc0c\xc9\xc8\x02\xe2\xdc\xa7;\x8d\x97d\xdc\xca\x95\xc8q\xc9^\xdac\xa0\xc7@\x8f\x81\x1e\x03=\x06z\x0c\xf4\x18\xf8\xeea\x00a!\x80\xe3\x19\xb0\xd2k\x15\xbe!\xe4\x01V4\xea\x1b\xc5V\x11\x9f\xacP\x0e\x19g\xce\x9e\xde\xb4q\xfd\xe1#\xc7\x06FF\x87FF\x16\xaa\x15O\x04\xcf{\xc1\x0b\x7f\xe37~\x934\x84\xb7\x89tZ\xfd\x892\xc7kE\xcf\x97\x92tb\xbc\xe58\xa4i!Qq`0\xd7Whv\x9d\xae\xe7\x8e\xad\x1f\xd9\xb0y\\jl\xb1\xdaY,U`Z\x93\xea\x951R.\xb9&amp;x\xdc*\x13\x1c\xb7\xc8%\t\x7f\xd4w, \xdaU\x90J\x03\xd7CD\x9f\x9cBF\x01RN\xab\xddC\x80\xae\x0b2C2\x04A\xc0-\x93*\x17Ub \x04d\xf0UFwR*s\xea\x03\x016\x107"z\xf4\x0c\xe9\x1a\xb2k\x87\xddL\xd0\x1a\x08\x9dA\xb7&gt;\xd2\xa9\xe4\x9b%}\xf6\xb4\x7f\xf7\xed_\xfa\x9f\xbf\xf5\x7f\x7f\xf0\x07&gt;\xf53?\xff\xf1\xff\xf2\xd3\x7f\xf7C\xff\xf5\xcb\xefz\xcf]\xbf\xf5\xa1S\xff\xf4\xb9\xccly\x97\x9d\x1d\xe8\x84\x03\x9d\xa0\xbf\x1bC\x14\x1d\xd1\xd7\r\n\x8e(8a\xce\t\xf3n\x90\x03\xba~\xc1\t\xfa\xbaa\x7f\xd7\xbb\xff\x93\x9f\xfa\xf2\x1f}\xf4+\xef\xff\x8d\x8f\xff\xc0\x8f\xfc\xe9\x1b\xdf\xf6\x8f\xff\xe9G?\xfb\xb3\xbf\xf8\xcf\xef\xf9\xe5\x07\xfe\xe0\x0f\xfc\xaf\x7f5U^X\xd7\xacN6*}\x8dJ\xb1\xd5\xd4\x16\xe7\xb2^7\x19\xb8\xa6\xf09y\x9c\x02b"D@\xce\xd4\xabf3\x94\x86\x90H\xf1\xda\x19\xe3A$\xd1I\x10\xb5\xca\x92\xea(\x11\x17\x04Zb\x80\x9c\xc7B\\X\x91B\x8a\xc0\xf8\xf6;2E\x1f\xd1\xaf\xb5)n{\xf8n`\x00\x83\x0e\xa0\xa7X)\x10\x80KedA\x19gAx\x9a\x10/\xc3\xd8\xf8\x95\xc8q\xc9^\xdac\xa0\xc7@\x8f\x81\x1e\x03=\x06z\x0c\xf4\x18\xe81\xf0X\x0c\xc4g*\xa4(\x10\x07\x96\x0c\x12\xd1\xd6M\x93\xc7\x8e\x9f\xda\xb6}k&amp;\x93\x9e[,9n08&lt;\xdah\xb5o\xba\xe9\x05\x14\xcaj\xa5\xd6j\xb7\x898gz\xa2\xd1t\x88\x99@\xa9Z\xb2R\xd9ssK\xd9|\xba\xe5\xba\xd2\xd0\xc82\x9a~\xd8pCG\x86f\xca\xca\x15s\x9a\xe0zx\x1e\xb8\xd5$\x07\x10\xdc2\xc9\x91\xc2\xa8$\x1d "&amp;\x19\x97\x040\x92DR0\x15\xd6\x06\x1ay\x1a!\r8!\x8a\x13\xaa\x18i\x92\x8c@Z\x01Y\xe1r\xa4\xc7\x18I&amp;\x11\x04"\xcc#\x92\xddf#m\xb3\xea\xfclJgA\xa7\x93O\x91\xeb9\xdc`~\xe0\xea\x9aX\x9a;[\xb0\xb9\xe6VZ\xb3\xc7G\xb4n\xbf\xb3d\xfb%\xeb\xc8}\xb7\xbf\xffg&gt;|\xfd\xb6\x8f\xdd\xb8\xe7\x91\xf7\xbf{\xe3\xa1{_\xcc\xba\xd6\x91\xc3\xeb\xbc`\x8ba\xe7\x9a]Y\xad\x9b\x9a.3\xe9r\xc2&gt;\xa7\xd1)\x83\x9f4t\xe0\xb8e\x1c\xb3x\x8c\xa36\x07 \x9f0\xf9)S;\xad\xf3)\x8d\xe6I\xa6\xc6Fk\x8dj\xe3\xc4\xb1\xc1Vs\x8fm\xaew\xbb\xc5\xf9\x99\xa1sgR_\xfd\x8fc\x1f\xf8\xe5\x7f|\xce\xd5\xbf\xb7{\xdb\x83\xbf\xfc\x8b\xf4\x95\xff\xa0\xd3\xc7\xd6\xf9\xcd\xc1\xa05\xacy\xc1\xd2L^\x97\xb6)\x1d\xb7I\x9a\x1f\x04N\xca`Y\x8du\x96\xe6\x87\xb2\x8c;\xdd|\x9au:-\xcd$\x90\x03\x8a|.!\xe0\xa4\xce$\xe9\xa1\xd0\x84\x00Q\x8c\xf0\x14@\x85\xc4x\x16\x10\x03\xca\xb5q/(E\x95\x18\x90\x01z\xack\x8d\x1eM\x00k\x14\xcf\x08\x11.\xadE\xec\x13z\x04\xa0\x83\x17\xa5\xb8\x8d\x11\x17\xeb\xa5\xdfa\x0c`p1\xe81\xb0u\x00\xd8Rp\x0b\x01\xb8H\x8eo\xc1\x00j!}\xca\xb1vZ&gt;)\xf9\x8a=\x91\xd8\xf7\xae\xb8p\xaf`\x8f\x81\x1e\x03=\x06z\x0c\xf4\x18\xe81\xd0c\xe0Y\xc0\x00\'\x02V\x1ceD\x00]t\xe1t\x17#\xd6\xa3&lt;\xc7=\xf1VG\x8e\x8cMv\xdb\xa1\xdb\x0e\xb3\xe9B1\xd3\xe7wq\xe2\xd3\xcb\x95\xd6\xdcR\x89\x187M{ph\x04\xef\x0b\xb5u\x1b6\x13\xd7\x86&amp;\xd6\x9d:\xb7\x90\xca\xe5\x07\x86\x07\xee}\xe8\x80`\\\x1d\x199\xa1\x12"L\x1c\xb5\x90\xa2\r\x9c\xe4\xb8$M0&amp;\x19\xdc\x01\xb8D\x10\xabd\xe4\x92r\x11:\x8a\xaeU!\xba[9\xac\t\x08\x0c1\xb6\x94\x8c\x84T\x17\xb2\xf1\x854\x06\xaa\x01\\\xe0\xdd&amp;\xe1]\xae)\x10\xcb\x89\x81t\xc6\x94\xb4ur,k\xd3\xec\xf4\x99\x85\x85\x1a\x17~\xd8i\x0e\x98l\x98\x05\xcf\x1f\x1b9\xfa\x99\xcfl5\xac\xbd\x9a\xa5/\xd6\xfe\xc7\xeb\xde\xf4\xdb7\xde\xf4\xc7?\xfa_\xba\x0f?\xf2\xa2M\x1bw\x8d\x0c,\x9e=v\xfa\xe4\x01a\xf8\xc5\xcd\xeb\x1aIs\x7fy\xee\xae\xf93g\xb4p\xfd+n}\xc5\x07\xde{\xdb\xc7\xfe\xe0\xad\xff\xf0\xb7\xef\xf8\xa7\xff\xf7\xceO}\xfc\xfb\xfe\xe5\x13?\xf0\xcf\x7f\xffC\xff\xf2\x0f\n\x9f\xf9\xc7\x1f\xfc\xec\'\x7f\x10\xe9\xa7\xff\xe1\x07?\xfd\xc9\x1f\xfa\xe7O\xfc\xd0\'?\xfe\x83\xff\xf8\xb7?\xf0\x89\xbf~\xc3\x9f\xfd\xe1\x9b&gt;\xf0\xdem\xb7\xdd&lt;\xc3\x9d\x07\xe7\xce\x1c\\\x9cj&amp;\xb5\xc1\xcd\x13\x14v\xba\xf33\xfd\x14n2\xad\x99\xaf}\xe5\xb3\xff\xfd}\x7f\xfb\x8e\x1f\xfc\xcd\xdb^K\x8f\x9e4\xe6J[C6\xd4\xf5\x8a\xa5\xaa\x98:7\x10\x86\xa3)\xbb&lt;;\x1d\x06\x9d\x84\xadIA\xcdF\xd9\xef\x86:\x17\x06#MJ@\x97\xcc\x90\x04*\xc0\x03\x87@\xa0\x9d \xd0\x85\x174`\xecB\xddw\xc5\x1d\xa6\x10\xfa\xb9\x9a\xc6\x024O\x19z\x86\x9ey\x0c\x08\xec\x1b\xd1t\xc7\xa6\x04\xe0\x16&gt;B\x00\xd6\xcaP~\x0b\x80\x8dK\xad&gt;\xa1\xfe\xf3\x08\xf6D\xe9\xb7\xc0\x9f^\x13=\x06z\x0c\xf4\x18\xe81\xd0c\xa0\xc7@\x8f\x81\xefH\x068\x0e\xfa1T\x80\xcc\xb9Ta/\x93\x9c\t\xdd\x0f\xa5\x17\x08\xdd\xb4[\xad\xf6\xe2\xe2\x122X\xb9Z#\xce\xfe\xe4O\xfftlbH\xd34b\xb4~\xe3\xa4X&amp;\x06\xdf\x00\xe1\xe0\xc8q~\x8c\x948[\xa2\x9a\x82T\x91m\xa4SA\xd7j\x81X\x13; \x10\xcaF\xe7Q\x08\xaa\xa2D\xe4\x16\x81\xa9PM\x95\x84W\x9c\x02\x8d\xe1\xa5\xae\xab\x93\xab1\x9f3I\x0c\x11]\xc2\xa7\x8c\'\xd2\x9e@\xea\x95\xaaSGO4\xcbU\xb4\x9bL\xea}\xc5\xd4`\xc6\x1eOh\xc9\xd9\xa9\xfev3\xb1\xef\xf0K\xc7\xb7\xfe\xd3\xeb\xbe\xef\xd3o\xfc\xa1\xbf\xb9\xfa%\xbb\x8f\xd6\xdf\xd6\xbfk]C\xafO7\xcf6\xbcG\x82\xf0\x91|2\xf3\xd6\xd7\xbe\xf4o?z\xe3_\xfe\xfe+\xbf\xf8O?t\xe8\xde\x9f:\xbd\xff\x9d\x0f\x7fu\xcb\x87~\x8d^\x7f+\xedZG\x9b\xfbi\xb2\x8f&amp;\x87hC\xbf\xc2\xfaA\xda0D\xeb\x06)\x16\x90\xae\xef\'`r\x80\x80\x8d\x83\xb4s\x9c^\xf7\xa2\xed\x1f\xfe\xc0\x0f&gt;\xf4\xd5\xffv\xe2\x81\x1f:x\xd7m\xff\xf6\x0f\xd7|\xf4CsWm\xff:\xf9\x87\xb3\xb9`\xf3fWK\xca\x9a\xb39L^\xebX_\xf9\xb1\xf7\xdc\xfe\x8e\x9f\xfc\xca\x8f\xfe\x02}\xfc\xb3\xb9\xa5\xees\xd3\x03#M\xa7\xfb\xe8\xa1\xb1\xfe\x0cO\xca\xc0\x08\x16\xebe\xc3f\x99\x84VL$:\x0b\xe5\x94\x1f\xa4&lt;\x91\x08\xa4\xed\x11^kk\xa1\xe4!1A`5T\x94\xb2\x90\x01\x14\xaep+\x15\x95\xe7?\x8aAIHA\x17\x00a\x15\xe7\x0b](\xc12p\xa1\xee\x99uw\x91{\x17\xf5\x88)n$:\x0b\\\xe0\xb7$\x02.P\xf5n\x9e"\x06\xbemf0\xa2j:`KQ\x12\x11\x04 \x1a\xe9e\xfdE\xdb\x11=\xd5\x97j\x0669\xc3\xce&amp;5\x12\xeaQa\x94\xc6\x9a\xcb\xa5(\xfeX\x10D\xc0\x85\xb9\xe8\x10p\xa1\xaew\xd7c\xa0\xc7@\x8f\x81\x1e\x03=\x06z\x0c\xf4\x18\xf8ng\x00\x07$`\x99\x05\x1c\xc9\xb8\xae\xf5\x0f\x15N\x9d;\x8bW\xb6\xa4\xe9\x9c\xe9z\xbb\xd9\x18\x1a\x1b\xbb\xf5e7\x05\x01\xcd\xce\xcf\xb5\xbb~\xf4/*\xab:\xa8\x1a\x1f\x13W\xd3XPyW\xf0A{\x01\'\xf5\x1e\x18\xc1GT\x1e\xd55Az\xa8\x00\x813\x86\xd3!\x824\x14\xf3t\xd6\xd5\t@\xa0\x8b\xb2\x88o\xadP\xd8\x81\xb0\xc2@\x93\xe1\xc4\xfa\xbe\xb1\xf5#\xcdN\xb5Q/\xef\xdd\xb0\xae\xbf\xd3\xf1\xf7\xed\xaf\xfe\xdb\x97\x06\x8e\x9f\xfe\x93\xefy\xc3o\xdc\xf6\xda\xbfy\xd3[\x86\x97\x1a\xddC\'\xd7\xa7r\xbb7m\xdfw\xf4T\x95\xdb\xd7\xbd\xfe-\xaf\xfd?\x7f\xf4\xe3\x9f\xf9\xfc\xaf\xddq\xdf\xcb\xde\xff?h\xd7\xd5\xb4e\x0bm\x18\xa7\xf1!\x1a\x1d\x94\xc3\x83\x9d\\\xbali%]:\xfd\xc5n1\xdf\xce\xa7\x1b\x99t#\x9d\xae\xa5\x92\xb5d\xa2\x9aJT\x91&amp;\x13\xb5T\xba\x9eN!\xab\x9d\xcbv\x0bY\xa7?\xbf\xc4\xa9d\xf2v&amp;%G\x06hlH\x19\x84\xd9-\x9b~\xfc\xe3\x1f\xff\xb5{\x1e\xfc\xaf\x9f\xf9\xdck\xff\xe8#b\xe3\xe6\xfdK\xd5\xc5\xa6\x93I\xe6[S\x0b\xe2\xec|\xe3\xde\x87?\xf5+\x1f\xf8\xf3\x97\xdd\xf6\xff\xde\xfc\x0e\xe7S\x9f^\xc7t~\xe4\xf0\x80\xefo\xee\xcfY\xcc\xf5\xfdF\xc3\xa9\x07\xd2\t\xc8\x05m\xba\x10\x88l\xad\x90\x8c\x90t\x89\xe7\x01\x8a+\xd0\x05\x80\xd2\xf3`\xcbQ.4\x12&lt;3B\x80\xb7\n\xfaN\xbc\xe2\xde\xa1g\x10\x90\xc6\x81.\x04\xcc.\xa4=|W1\x80=\n\xf8\xb6t9^n*%\xf5\x08E\xc6i\xb4\x06\x95\x92\x91\xbc\x9c\xfcmq\xb5\xd7h\x8f\x81\x1e\x03=\x06z\x0c\xf4\x18\xe81\xd0c\xe0;\x95\x01O\x84w?\xb0\xaf0\x90\xcf\xf6\xf7Y\xc9$\x972$&amp;?\xf2g\x1f\x0b%-\x96*ccc\x89\x84Q*!|\xc3+\xd98| F\x08\xa9\x90\x82\x93e\r\xa4K\x80C&amp;\x10\xab!0\xbc\x8e@\xe0\x1a2\x160\x16F&amp;\xd0\x98&amp;\xa5)\x08\xd0\xa3\xbf\xbf\x8d\x0f\x84!\x97\xbe.]]:\x86\xec\x18\xe4jhOj\x02o/\x85\x15"j\xf3\x03\xcd;]+yI)\x92Ae\xe1t:\xf4\x83;\xee\xbd\xff}\xbf\xb9\xf8\xfb\x7f\xfe\x85\x1fy\xf7\x9e\xe9\xca\x8f\xef\xb9v\xa8\xd9nV\xab\x99\xcd\x1bj\xeb\x87~\xff\xc8\x83\xaf\xff\xda\xe7\xdfy\xd7W6\xbf\xe7\xdd\xb4e+\x15\xc6\xc8\x18 &gt;@~\x9a\xcc\xbc+\xcd\x8e\xe0UO\xd4\x03\n\xed\xac\x99\xee\xd73\xfd\x1di\xb6\xa5\xd9\x95\x96\xc3\x92\x1dJ8\x94t\x98\xbd\x8a.\xb3;\xcc\xear\xbbMV\x07\x90\xa6\x91\x1d\xb02\x03"\x91\xab\xfb\xbc\xe2\x04\xed\x90\xb9\xa4\x93\x95\xa1\xbe\t\'\xd0\xc9H\xd3\xd8\xbaw\xfc\xdd\'\xfe\xfb\xe1\x83\xaf\xf9\xcb\x8fV7\x8fw\xd6\x0f%\'G\x86\x86r\xdb\x8a\x99\xc9N;\xb3\xff\xe1\x87\x7f\xfb\x83\xf7\xfe\xd0\x8f\xdd\xf5\x9e_s?\xfd\xefZ\xb96f\x19\xa6\xe6\x9f]8\xd5\xe0\x1ds0\xe5\xea^\xa8\x85\x9a\x0ct!\r\xc94I81\x0bFx\x10\x00\x84L\xc5\xb4\x10\xd6\x02J\x94Y\x1e\x00I\xabQ\x1f4\xd0\xaf\x02\xb7\xcf"H&amp;WA$\x81U\x05\'\x95\x83t\x19\xc8\x8c:\x86\x89\x17}/\'\x8c\xe2\xa9Kk.\x14\x05\xd6(z\xe2\xb3\x87\x01&lt;\xc5\xe0R\xfd\xe5\x08\x97\xd8\xa3\x00\xc9%\x00\x018\xaf\x7fj;$\x88\x80\xcb\xd9\x8c\xe7\'\xe6\xe2*b\xcd\xe5SX\xb8\xac\x1dl\xac\x00r\xbf\xbb\xd0\xebm\x8f\x81\x1e\x03=\x06z\x0c\xf4\x18\xe81\xd0c\xe0\x1bd &gt;\xe33\xc1(\xdf\x97\xd9s\xdd\xd5\xb5\xae\xf7\x85\xaf~\xd9u\xba\x9c4N\x9c\xdf|\xeb\x8d\xad\x8e\xdf?P\xe4\x06\xe2)\xda\xbcq}\xdc\x90\x8a\x91\x08\xa7F\xdc\t\x9c&amp;q\x0b\xe9\xca\x81\xf6\x00D\xa8\x02!\x08Sa\x06\x8cp\xbc\xbf\x15\x12\xafg5)\x00\xc9\x04\xe0s\x11h"@\x1e\xda`2\xe4\xc2\xd3E\xd7\x08\x1d#\xf0\xb5\x901\xbf:u\xaa\x10\xf8\xdb4+sv\x96\x1ex\xf8\xce?\xf8\x93\xe9/\x7f}\xe1\xbe\x87R\xbeG\x81\xff\x85;\xbfv\xcem\xcf\xf0\xe0\x95\x1f\xfb\xc3\xd7|\xec\x0f&gt;|\xe0\x9e \xc5i|\x80\xd0\x91\xd11\xca\x16d*\'\x12\x05id:\x9dPH\xce4\xdd\xb6\x12\xa6iyNPZ\xa8\xcd\x9c\x9d7\xb9i\xe9\x96\xa9[\x96f\xd8\x9ai\xea\xa6\xa9\xd9\x16_\x81fB\xb69r-\x03\xb2f\xceM-VKM\xdf\rM\xd3J\xd8i\xae[A\xc8\x9b\xdd\xb0\xd6p\xec\x91\t\x1a\x1e\xa5\\\xbe\x9b\xb4h\xb8\x8fvmx\xcd\xaf\xfe\xfc[?\xf1g7\xfc\x97\xb7\xcfe\xf9)\xbf\xda?9\xb2~\xc3h\x82\x05\x0b\xfb\xf65\xefy`\xdfG\xff\xd2\xfb\x97\xcfz\xf7&gt;\xb0sp\xe8\xba\xb1\x91\x01S\x93\xdd&amp;\'\x9f\x98\x17r\xc4\xf7\x81\xafI\xc4\xfc\x00\xdel\x87\x8c\xc0\'\x82U\xa4\x8a\xdb\xe8\x162\x00e|t\x8e(\\\x8eo!_\xf9x=\xbbJb.1R\x93\x13B\x8c\xb8\xb3\xbd8\xe1\xd95\x8eW\xee-F6\x1e\xe2+\xac\xf2\xa4\n_\xa1\xcd\x8b\x8aa\r\xae\x02\xfb\xca\xaa\xfc\x98\xc2E\xf5{\xb7=\x06\x1e\x87\x81^V\x8f\x81\x1e\x03=\x06z\x0c\xf4\x18\xe81\xf0D\x0cH\xe2\xc7\xceLO\xcd\xcf\xebIs\xd3\xf6-\x84\xd0\x96\x84\xe8\x1b\x1d=~r\xe6\xdc\xd44b\xa7c\xc7\x8f\x9f93\xb5bG\xc4\x02#\x15ED\x87\xc5eM\xac\xbf\x92\x14q\x17\xcc\n\xc4\xb6\x08\xbf";\x9a\x94\x9a C\x08]"\xecU\xe7@\xc1\x02\xa9\x80\x10Z$}\xbc\xb3\r\x02=\xac\xdb\xe1\\2XH\xf8]\xd3\xb3B\xf7\xf9\x9b\xb6g\x1e:f}\xf9a\xed\x9f\xbf\xf6\xe8o}x\xf6\xcb\xb7\xf7\xf7\xf7\xd3\xfa\x913\x05\xabt\xd5\xe4;\xef\xfd\xd2\x7f\xbe\xfd\xf3?\xfc\xc5\x7f\x16fH\x03i\x1a\x19\xd0\xc7\x86(eQ\xc2\x10\t\xd6fAWc]F\x95v;\xa1kV@\x86G\x9a#LO\xe6\xb8\xb5&gt;\xdf\xb7cx\xdc\xf2\xc9\xf6(\xe1Q\xd2\xa3\x94Oi\x972\xde\xc5H\xb8\x12\xb9(c\xb9\xb4eht4\x9b\xcfq\xd3t\x95)\x0bu\x05O\x9bV.\x97\xf3\x18\xab\xb5ZK\xcd\x86kq\xca\xdb4\x98\xa2\x1bv\xd2\xc6\x02\xbd\xfe\x967|\xee\xaf_\xfd\xaf\x1f\xdf\xfe\xee\x1f\xae^\xb3efr\xc0\x1d\xef\x1f\x1f\xe8\xab\xdf\xf7\xe0#\x7f\xfc\x97\xfb\xff\xefG\xe9\x0bw\'\x0e\x9f\x1b\xf5X_\xbb\x9b\xf1\x11\xd5\xfa\xbe\xee\xb5\xac\xb0\x96\x08\xea\t\xd9\xb2\x99k0\xbc\xb0\x95D`m9\x8d^\x8c\xc7\xb7!#p,HE\xb6q\xbc\x87\x94\x9e\xe5\x17\xba&amp;\x18\xfa\xa4\xc0T\xbf#E$p\xcc\x9f\x0b\x81\xb7\xdc\xd1,]\xe938\x92\x8a\x13\xd0\xb2\xa2\x8a\xbf\x19aBR\xefzV2\x80!\xbe\x10\x8cI@M{&amp;/H\x11\x0f\xc7\xb8\xf2~\xc6\x16\xd6\x96W3\x8f\xb0U*\xac\xd5CF\x96$L0\xa1R"A\xa1\x8c\x9e\xd6=V\x8a*\xcb\x88+,\xdf\xc4_\x17\xab.\xf5$.\xd7K{\x0c\xf4\x18Xf\xa0\xf7\xf5d\x19\xb8x\x9by\xb2\xf5{\xe5{\x0c\xf4\x18\xe81\xf0mf\xe0\xd2s\x9dd8\x89\xd1\x86\r\xe3\xb5V;$\x9a^*\xcdu[&lt;\xd9\xdf\xf7\'\x1f\xfd\xc8\xc6McR\xca \x14\xdbwm\xdb89qvj\x16\xee\xe3\x80\x85\x00\t\xa9\x02-\x1f\x1c\xe9I^\xea\x08\x185\xbcZO\xd9$\xc1\xa4\xd0\x84\nh5\x19\xaa\x88\x17o%eh\xc8\xd0\x14\xbe)B.\x03.]Mx\xa90\xec\xeb\xfa}\r\x8f\xee9\xf0\x17?\xfa3\x9f\x7f\xcfo&gt;\xf4W\x9fx\xf4kw\xed\xbaj\xf7\xf7\xfd\xf9\xef\xbf\xee#\x1f~\xc7\xa7?\xf1\x9a\xdf\xfdM\xda\xb8\x8e\xb6n\xf4\xd2I\xbes[3\x0c\xc96)a;\xae\xbbT-U\x9bmD\xb9\xd2\xe6\x94\xe2\xe9\xfe\x94+B\x1f\xf6I\xea\x9cqI\x9a\x94\xc2\xf3\xbb\x9d\x0e\x873Bh\xa1\x8c \xf4\x15\x99\x07\xa1\x16.\xebu\x81\\\x01\r\n{\x9d.\x05!\x17\x12o\xa6a\nf\xfc\xc0\xef8\xae4\x88Y\x9a\x96\xb2\xb2\x03y+\x9b,\xb7\xeb3\xd5EO\x0f+~\x8b\n)\x04\xde\xb4i\x9d\xfe\xea\xdbn\xfe\x8d\xf7\xbd\xea/&gt;\xf2\xe6\x7f\xfc\xdbs\x9a\xd7\xd2B\xea\xb4\x1f\xfd\xf7/~\xfa=\xbf\xfe\xf1\x1f\xfb\xd9\xf0\xb3\xb7\x8f\xfa\xf6h\xc3+:\xbe(\xc2"\x10\x00\x00\x10\x00IDAT!B\xb4\x17h\xa1\xa7\x05H}\x04p\xb4\x1c\x991R\xd7j\xb4\x87\xe7\x08\x18`\xdc*m\xf4\x89\x0bD\xe2\xb37\xc1\xaf\xb1P\x81\x03z\xa0\xa2\\|\xa9[N\xcbOF\x18\t\r\x13i\x05\x8c\x02\x86I.%\x93\xa8H\x8a\xa9e\x16\xa2[B\x1a\x83z\xd7\xb3\x94\x01\x1e\xf9}&gt;ej\x01rB\x8a\xf8\x13\xe9\x05 \xc2pG\x15\x9e\xe2\x04f\x01\xd5"15!U\x1a\x0b\x14\xdd\xae\xa4\x8c\xa9\xf9\xa7\x82o\xc2\x8cE\x15A\x0c\x1e\xd2\xca\xcc\x84\x06\xa0\xde\xd5c\xa0\xc7@\x8f\x81\xa7\x9e\x81\x9e\xc5\x1e\x03=\x06z\x0c|\xd70pvvidb\x02\xf1m\xa9\xda\xe8\x84\x92w*\xe5\x1b\x9f\x7f\xa3 \xea\x1b\xeao6[\xa7N\x9d\x03\x15x\t\x89\x14`R\xbd\xb9E\x1c\xa8\x04uDS\x073\xe8\xaf\x1c8\x89\xa2\xee\x05\xe5\x99 \x12\x9e\xdb5t-\x9f\xb0L&amp;\xfcNS4\xdbI\x16fL\xbe\xb0p\xae\x906\x87L=&lt;u\xf6j#\xb5\xa9\xc3s\x87\xe7?\xf5\xcew}\xe5\'~yb\xaa\xba+\x99\xf5\xba\xdd\xfc\xee\xad\xc7,\x9f\xd2&gt;m\x1f\x11\xa3\x83\x95\xcd[J\xa9l\xddNk\xc3\xa3\x94He\xfaGE\xc0CW\x9a\x9a\xd9\x9f/\xe6\xb2I\xc9D\x87\x82\xa6\xf0\xeb"\x08\x12\x1a%\xb5\xd0b\xc2B \xca\x98\xcd\xf4\xac\x91,$!p\x8bq\x9bq\x931\x93\x00n0@\xb3\xa0!\x08\xccd\xdc\xe2&lt;\x01h\xcc\xe6\xc9BBKid3B\x07,\x86\xf8YO\x1bZ\xd6j\n\xb7%\xbb\xd2\n\x03r\x10\xba\xe7\xd3\xa9\xd1\x81!\x83\x1b\x85\xfc \xf1D\xc8\x13\x9e\x99r2\xfd\xce\x86M\xdd\x81\x01\xda&gt;\xf9\xf6\xaf\x7ff\xe1\xea\x89\xf9\xac\xe6\x04\xe1\xcd\xa3\x9b\'\xcf5\xff\xed\xc7~\xe5\xb3\xaf\xf8&gt;:VJ\x9fZZ\xc7\xad\xea\xd93i\x9d4\xf2\xeb\xe5EK#.\x04\xf3|r}\xf2C\xdfq\x9dv\xc7\xf3&lt;u\xd0f\x84\xe0v\xf5\xb0\xcc\x88\xd4\xa8\x11\x8e\xd3\n\xf4\xac\xbdt\x9ds\x8dB\xe1\xa7\x93F\xbd^M\xa7\x0c\x11x:g\xedf\xa3\x901\xaa\xa5\xa5T\xd2\xf0\x9dn.a,\xceL\x153\xc6\xf1G\x0ff\xd2,\x9df\xa5\xa5\xf9D\x82\x92Ij4\xaa\xa6'... (set the log level to DEBUG or TRACE to see the full content) 
 </msg>
<msg time="2026-03-03T23:10:50.145632" level="INFO">POST Response : url=http://localhost:3000/api//users 
 status=201, reason=Created 
 headers={'Vary': 'Origin', 'Access-Control-Allow-Credentials': 'true', 'Access-Control-Expose-Headers': 'Content-Disposition', 'Content-Security-Policy': "default-src 'self';base-uri 'self';font-src 'self' https: data:;form-action 'self';frame-ancestors 'self';img-src 'self' data:;object-src 'none';script-src 'self';script-src-attr 'none';style-src 'self' https: 'unsafe-inline';upgrade-insecure-requests", 'Cross-Origin-Opener-Policy': 'same-origin', 'Cross-Origin-Resource-Policy': 'same-origin', 'Origin-Agent-Cluster': '?1', 'Referrer-Policy': 'no-referrer', 'Strict-Transport-Security': 'max-age=15552000; includeSubDomains', 'X-Content-Type-Options': 'nosniff', 'X-DNS-Prefetch-Control': 'off', 'X-Download-Options': 'noopen', 'X-Frame-Options': 'SAMEORIGIN', 'X-Permitted-Cross-Domain-Policies': 'none', 'X-XSS-Protection': '0', 'Content-Type': 'application/json; charset=utf-8', 'Content-Length': '838', 'ETag': 'W/"346-pn0SRC7dfWdTAjjE44LXhi3Vg2k"', 'Date': 'Tue, 03 Mar 2026 16:10:50 GMT', 'Connection': 'keep-alive', 'Keep-Alive': 'timeout=5'} 
 body={"success":true,"message":"User created successfully. Please wait for verification.","data":{"id":"cmmat18rh0032qmuclpa2ib89","username":"driver","email":"firstt99000@gmail.com","firstName":"driver_firstname","lastName":"driver_lastname","gender":"MALE","phoneNumber":"0123456789","profilePicture":null,"nationalIdNumber":"0123456789543","nationalIdPhotoUrl":"https://res.cloudinary.com/dzwufpu2x/image/upload/v1772554249/painamnae/national_ids/lw8ippbzwdwhworjjubt.png","nationalIdExpiryDate":"2025-12-23T00:00:00.000Z","selfiePhotoUrl":"https://res.cloudinary.com/dzwufpu2x/image/upload/v1772554248/painamnae/selfies/jbeqcjmk0a7jkyuqqspi.png","role":"DRIVER","isVerified":false,"isActive":true,"otpCode":null,"lastLogin":null,"createdAt":"2026-03-03T16:10:50.141Z","updatedAt":"2026-03-03T16:10:50.141Z","passengerSuspendedUntil":null}} 
 </msg>
<msg time="2026-03-03T23:10:50.146400" level="INFO">${response} = &lt;Response [201]&gt;</msg>
<var>${response}</var>
<arg>${REGISTER_URL}</arg>
<arg>data=${data}</arg>
<arg>files=${files}</arg>
<doc>Sends a POST request.</doc>
<status status="PASS" start="2026-03-03T23:10:45.929335" elapsed="4.217194"/>
</kw>
<return>
<value>${response.json()}</value>
<status status="PASS" start="2026-03-03T23:10:50.146662" elapsed="0.000197"/>
</return>
<msg time="2026-03-03T23:10:50.147540" level="INFO">${response} = {'success': True, 'message': 'User created successfully. Please wait for verification.', 'data': {'id': 'cmmat18rh0032qmuclpa2ib89', 'username': 'driver', 'email': 'firstt99000@gmail.com', 'firstName'...</msg>
<var>${response}</var>
<arg>username=${DRIVER_USERNAME}</arg>
<arg>email=${DRIVER_EMAIL}</arg>
<arg>password=${DRIVER_PASSWORD}</arg>
<arg>firstName=${DRIVER_FIRSTNAME}</arg>
<arg>lastName=${DRIVER_LASTNAME}</arg>
<arg>role=${DRIVER_ROLE}</arg>
<arg>phoneNumber=${DRIVER_PHONE_NUMBER}</arg>
<arg>gender=${DRIVER_GENDER}</arg>
<arg>nationalIdNumber=${DRIVER_NATIONAL_ID_NUMBER}</arg>
<arg>nationalIdExpiryDate=${DRIVER_NATIONAL_ID_EXPIRY_DATE}</arg>
<doc>Create User</doc>
<status status="PASS" start="2026-03-03T23:10:45.923011" elapsed="4.224695"/>
</kw>
<kw name="Log To Console" owner="BuiltIn">
<arg>Creating Passenger: ${PASSENGER2_USERNAME}</arg>
<doc>Logs the given message to the console.</doc>
<status status="PASS" start="2026-03-03T23:10:50.147883" elapsed="0.000478"/>
</kw>
<kw name="Create User" owner="guest_service">
<kw name="Create Dictionary" owner="BuiltIn">
<msg time="2026-03-03T23:10:50.149565" level="INFO">${data} = {'username': 'passenger2', 'email': 'passsenger2@test.com', 'password': 'Passenger21234567', 'firstName': 'passenger2_firstname', 'lastName': 'passenger2_lastname', 'phoneNumber': '0123456789', 'gende...</msg>
<var>${data}</var>
<arg>username=${username}</arg>
<arg>email=${email}</arg>
<arg>password=${password}</arg>
<arg>firstName=${firstName}</arg>
<arg>lastName=${lastName}</arg>
<arg>phoneNumber=${phoneNumber}</arg>
<arg>gender=${gender}</arg>
<arg>nationalIdNumber=${nationalIdNumber}</arg>
<arg>nationalIdExpiryDate=${nationalIdExpiryDate}</arg>
<arg>role=${role}</arg>
<doc>Creates and returns a dictionary based on the given ``items``.</doc>
<status status="PASS" start="2026-03-03T23:10:50.149089" elapsed="0.000563"/>
</kw>
<kw name="Get File For Streaming Upload" owner="RequestsLibrary">
<msg time="2026-03-03T23:10:50.150082" level="INFO">${id_card_file} = &lt;_io.BufferedReader name='C:\\Users\\ChxraWish\\Documents\\clone\\Sec02_G04_SoftwareEngineering_PaiNamNaeWebApp\\tests\\resources\\services/../userImage/id_card.png'&gt;</msg>
<var>${id_card_file}</var>
<arg>${id_card_image_path}</arg>
<doc>Opens and returns a file descriptor of a specified file to be passed as ``data`` parameter
to other requests keywords.</doc>
<status status="PASS" start="2026-03-03T23:10:50.149788" elapsed="0.000381"/>
</kw>
<kw name="Get File For Streaming Upload" owner="RequestsLibrary">
<msg time="2026-03-03T23:10:50.150654" level="INFO">${selfie_file} = &lt;_io.BufferedReader name='C:\\Users\\ChxraWish\\Documents\\clone\\Sec02_G04_SoftwareEngineering_PaiNamNaeWebApp\\tests\\resources\\services/../userImage/selfie_image.png'&gt;</msg>
<var>${selfie_file}</var>
<arg>${selfie_image_path}</arg>
<doc>Opens and returns a file descriptor of a specified file to be passed as ``data`` parameter
to other requests keywords.</doc>
<status status="PASS" start="2026-03-03T23:10:50.150306" elapsed="0.000438"/>
</kw>
<kw name="Evaluate" owner="BuiltIn">
<msg time="2026-03-03T23:10:50.151233" level="INFO">${id_card_tuple} = ('id_card.png', &lt;_io.BufferedReader name='C:\\Users\\ChxraWish\\Documents\\clone\\Sec02_G04_SoftwareEngineering_PaiNamNaeWebApp\\tests\\resources\\services/../userImage/id_card.png'&gt;, 'image/png')</msg>
<var>${id_card_tuple}</var>
<arg>("id_card.png", $id_card_file, "image/png")</arg>
<doc>Evaluates the given expression in Python and returns the result.</doc>
<status status="PASS" start="2026-03-03T23:10:50.150875" elapsed="0.000482"/>
</kw>
<kw name="Evaluate" owner="BuiltIn">
<msg time="2026-03-03T23:10:50.151867" level="INFO">${selfie_tuple} = ('selfie.png', &lt;_io.BufferedReader name='C:\\Users\\ChxraWish\\Documents\\clone\\Sec02_G04_SoftwareEngineering_PaiNamNaeWebApp\\tests\\resources\\services/../userImage/selfie_image.png'&gt;, 'image/png')</msg>
<var>${selfie_tuple}</var>
<arg>("selfie.png", $selfie_file, "image/png")</arg>
<doc>Evaluates the given expression in Python and returns the result.</doc>
<status status="PASS" start="2026-03-03T23:10:50.151478" elapsed="0.000474"/>
</kw>
<kw name="Create Dictionary" owner="BuiltIn">
<msg time="2026-03-03T23:10:50.152465" level="INFO">${files} = {'nationalIdPhotoUrl': ('id_card.png', &lt;_io.BufferedReader name='C:\\Users\\ChxraWish\\Documents\\clone\\Sec02_G04_SoftwareEngineering_PaiNamNaeWebApp\\tests\\resources\\services/../userImage/id_card....</msg>
<var>${files}</var>
<arg>nationalIdPhotoUrl=${id_card_tuple}</arg>
<arg>selfiePhotoUrl=${selfie_tuple}</arg>
<doc>Creates and returns a dictionary based on the given ``items``.</doc>
<status status="PASS" start="2026-03-03T23:10:50.152062" elapsed="0.000476"/>
</kw>
<kw name="POST" owner="RequestsLibrary">
<msg time="2026-03-03T23:10:55.702413" level="INFO">POST Request : url=http://localhost:3000/api//users 
 path_url=/api//users 
 headers={'User-Agent': 'python-requests/2.32.5', 'Accept-Encoding': 'gzip, deflate', 'Accept': '*/*', 'Connection': 'keep-alive', 'Content-Length': '1652897', 'Content-Type': 'multipart/form-data; boundary=125cdc7539cbada90dbafef085920845'} 
 body=b'--125cdc7539cbada90dbafef085920845\r\nContent-Disposition: form-data; name="username"\r\n\r\npassenger2\r\n--125cdc7539cbada90dbafef085920845\r\nContent-Disposition: form-data; name="email"\r\n\r\npasssenger2@test.com\r\n--125cdc7539cbada90dbafef085920845\r\nContent-Disposition: form-data; name="password"\r\n\r\nPassenger21234567\r\n--125cdc7539cbada90dbafef085920845\r\nContent-Disposition: form-data; name="firstName"\r\n\r\npassenger2_firstname\r\n--125cdc7539cbada90dbafef085920845\r\nContent-Disposition: form-data; name="lastName"\r\n\r\npassenger2_lastname\r\n--125cdc7539cbada90dbafef085920845\r\nContent-Disposition: form-data; name="phoneNumber"\r\n\r\n0123456789\r\n--125cdc7539cbada90dbafef085920845\r\nContent-Disposition: form-data; name="gender"\r\n\r\nMALE\r\n--125cdc7539cbada90dbafef085920845\r\nContent-Disposition: form-data; name="nationalIdNumber"\r\n\r\n0123456789233\r\n--125cdc7539cbada90dbafef085920845\r\nContent-Disposition: form-data; name="nationalIdExpiryDate"\r\n\r\n2025-12-23T00:00:00.000Z\r\n--125cdc7539cbada90dbafef085920845\r\nContent-Disposition: form-data; name="role"\r\n\r\nPASSENGER\r\n--125cdc7539cbada90dbafef085920845\r\nContent-Disposition: form-data; name="nationalIdPhotoUrl"; filename="id_card.png"\r\nContent-Type: image/png\r\n\r\n\x89PNG\r\n\x1a\n\x00\x00\x00\rIHDR\x00\x00\x04\xf5\x00\x00\x03 \x08\x02\x00\x00\x00\xc4\x11\xc0\xb1\x00\x00\x10\x00IDATx\x01\xec\xbd\x07\x80eGu&amp;|\xaan|9tN3\xd3\x93\xa34\n \x01B\x12Q\x98\x1cLvX{m\xaf\xbd^\xe3\x80ml\xd6`c\xaf\x03\xde\xdd\x1fv\x9d\r8\x9b\xb5\xb116`\xb0M\x14(\xe7\x89\x9a\x9c:w\xbf\x1co\xac\xfa\xbf\xba\xb7\xbb\xa7\'H\x1a\x81\x04\x12\xbc\xcb\xf7\xea\x9d{\xaa\xea\xd4\xa9\xaf\xc2\xabsok\xe0\xa4k\n\x9aI\x9a\xce\xb8\xce4\xce4\x02L\xdb N\x8c)\x10#\xc00\xa2\x0c#EV!U\x98 =\xc7\xd3\x83d\xe5)Q\xa4\xbeQJ\xe6\xafz\xf9+?\xfa\xd9\xcf\x1d\xef:g\x85\xdc\xd7l?Pn\xeck9\x87["\x82&lt;\xdczZp\xb0%\x81\x03m\xb9\x8a}\x1d\t&lt;\xd2\x15\x0f;\xe2\xe1\xae|\xd0Y\xc6#\x1dU\xe6XC\x9c\xac\x89\xd3uy\xbc.\x8e4\xa2\xbaM\xb1\xbf%\x0e5\xc5\xa3uq\xa2*N\x97\xc2\xe9\x0597\'\xe7g\xc5\xf4Bx\xac.\xf7\xb7B\x14x\xb8\x15\xc2\x02\xb0\xda\x10\x84\x83m\x11!8\xd8\x06\x94|A7\x9b\xf2pS5\x01\x0f!(\xb4\x9e\x16\x12.h\xb4\xd7D\x8f\x81\x1e\x03=\x06z\x0c\xf4\x18\xe81\xd0c\xa0\xc7@\x8f\x81\x1e\x03=\x06\x9eY\x0c\\\x1c\x15\xde\xbf\xd0&lt;\xee\xca\x7f;x\xba\xb0\xe3:J\xf7Q\xaa/3\xb9\x9b\xec\x01\xe2i\xcb*d2CD\xb6\x023\x89\x19\xf9B\x1f!F\xe5\x8c\x99\x9ct\x02\xa0&amp;\x83A \xce\x00\xb6rqR\x17R\xa1\xbeY\x94*\x89&lt;\xcf\xcff3\xe9t\xca0t|3F\xbe\x1f\x1a\x86\xc19\xa70\xccf\xb3(%9\xcb\x0f\r\xfd\xfb\xed_=q\xe2\xf8\xd1\xa9\xe9\x7f\xfb\xb7\x7f}\xd5\xab\xbe\'a[\x1d\xc7\xf3}\xdf\xb4\xadT\xcaB\xb1o\x17\x98\\n\x99K\x02\xa2\x1b)\x98\x00\x02\xf4\x81\x0b\xc1\xa5 !4\x12\x8c|N\x01\xa7\x90\x91\xe0\xcc\xd7\x94\x1chL0\x92J\xc1@\x9a\xce\x98&amp;eD&amp;AX\x81\xd0\xe4\x05`r\xa5U\xb4\x17=\x17\xc0w\x0f=\x06z\x0c\xf4\x18\xe81\xd0c\xa0\xc7@\x8f\x81\x1e\x03=\x06z\x0c\xf4\x18\xe81\xb0\xca\x80\xa6iA@;wn\xf8\xc7O\xfd\xd3B\xbd4\xb5\xb4\xf8\xbf\xfe\xd7\xef\xf6M\x8c\xf6\x8d\x8e\xb8\x9e\xdbl5\xedT\x12\x85S\xa9\x14J\xd6j5\xc6\x10\\\x91\x14\x02\x11\x1a\xf4k\xa3.\xdc\xae\x82\x93d$%BAF"\xd6\xaa;(\x89,\xcbj\xb5:\xbe\x1f\x84R\xa8\xa0\x8d\xb3d&amp;m%\x12\xc4hnf\x8a\x98\xac\xd4\xe6\x8f\x1c?r\xfds\xf6\xb8\xaek\xd8V\xa3\xd9]\xac4\x16K5\xd7\xf5-3\x81`\x18\xad\xc76\x9f\xd64r\xf6\xe2\x16\x18\xb4\x921\xa9"[\xa4\x00\x1c&amp;\x04\xb7&lt;\x08t\xdf\xd7\x03_\x0b&lt;\xdd\xf3\x8d\xd0\xd7D\xa0S\x04\xd65\xc8\xd1\x99c\xc8\xae%]C\xfa\x08j\x99\x8c#XSJC\x04\x80\x1e\xfa\xa6\x0c\r\xe1\x01f\x18\x00V\x18F\x08t\x81HY0\xa9\xd8Zu\x08\x0f\x0f\x00\x90\xa6\xb0\xaa\xfd\x0e\x11z\xdd\xe81\xd0c\xa0\xc7@\x8f\x81\x1e\x03=\x06z\x0c\xf4\x18\xe81\xd0c\xa0\xc7\xc0\x132\x80\xe8\x148_,\x93I\x04APo\xb8B\x88\x90\x93n\xf3\xd7\xbe\xe1{\xfe\xfao\xfe\xf2\x91\x83\x07\xbez\xcf=C\x13\xe3\x8e\xd3E\x005\xben]\x18\x86###\xba\x85\x17\xb9\x88YW\x8cH\xc4vx\x17I\x17]*\xf2R*&amp;T\xba\xe6\xc3uci\xa9\x84W\xbd\x08\x12\xdb\xed\xaei\xaa7\xb1\xf5j\xbd\xebt7\xef\xd81\xbb\xb4\xd8t\xea\xf5\xa6\xfb\x95\xdboG%\xa6\xf1v\xbb\xddq&lt;!\x99\x9dL%\xd3x\xebk@3?\xbb\x80\xdc\xa7\x0f\x17;}aK\xe8\xba\x02zN`\x86\x10\xe2*\x90d\x12\xefh\x11\x88\xe2e-bW\xa4\x90\x15P\x82!"F\xc8\x8f7\xb7\x9c\t\x8d\x85\x88{5\xd0\x1d\x84&lt;\xf0\xb9/\xb8\x10&lt;\x0cy\x180hdd\x08\xb6 \xa0\xdf\x80$\xba\xc8#h\x00\xea]\xdf\xad\x0c\xf4\xfa\xddc\xa0\xc7@\x8f\x81\x1e\x03=\x06z\x0c\xf4\x18\xe81\xd0c\xa0\xc7\xc0e\x18\xa8V\x9b\x96\xa5\xe7s\xd6\xe8\xf8\xd8\xd9\x99\xa5\x93g\xe7\x9c\x90\xae}\xee\xd5\x1e\x89\x9d{\xf7\x1cx\xf4\xd0\x0c\xa2Q];z\xec\x08q&gt;\xb7\xb0\xe8{\x9e\xb2\xc2\x98a\xda\xa6n!\xf0\x92\x17\xc5^*\x1b\xf1+E\xa1]tC\x923\xd28i\x08\xf3L\xd3$b\xc5\xfe\xc1\x89\xf5\x93D\x9c\xb8~\xedso@\xe6\x7f|\xf5\xcb\xf7?rO\xb5\xdd&lt;zr:\x9b\xb5n\xbd\xf5\x96}\x07\x8f\x16\xfas\xfd\x03\xb9\x81\xc1\\2\x99\xf4&lt;\xaf\xd9l\xe1\x8dn&amp;\x95\x1e\x19\x19\xa2o\xf9\xc5\xa5zg\xbb\x9a2Z\xbe\xd5$\x01fH\xb6\x90f\x10&amp;\x02\x91\xf4\x85\x1d\x88D\x10\x9a\x81o\x05\xc2\x08\x85)B]J] \xee\x95\\J\xc1\x84\xab\x8b\xb6)#\x84-3l\x1aa\xdb\x84Ft\r\xd11E\xc7\x10\x8e.\xba:\x01\xaeF\xbe\xa6\xd8\x94l\xb5\xcf\x90\x00u+\x88\x00%\xf5&gt;=\x06z\x0c,3\xd0\xfb\xea1\xd0c\xa0\xc7@\x8f\x81\x1e\x03=\x06z\x0c\xf4
[...]
mode":"DRIVING","maneuver":"merge"},{"html_instructions":"เลี้ยว&lt;b&gt;ซ้าย&lt;/b&gt; เข้าสู่ &lt;b&gt;ถ. จันทน์&lt;/b&gt;&lt;div style=\"font-size:0.9em\"&gt;ผ่านร้าน จรัสแสง (ทางขวา)&lt;/div&gt;","distance":"0.4 กม.","duration":"1 นาที","start_location":{"lat":14.9795289,"lng":102.0875446},"end_location":{"lat":14.9760009,"lng":102.0884343},"travel_mode":"DRIVING","maneuver":"turn-left"},{"html_instructions":"เลี้ยว&lt;b&gt;ขวา&lt;/b&gt; เข้าสู่ &lt;b&gt;ถ. สุรนารี&lt;/b&gt;&lt;div style=\"font-size:0.9em\"&gt;ผ่าน ก๋วยเตี๋ยวเรืออยุธยา 4.0 (5 แยก นิ้งหน่อง) (อีก 500ม. ทางขวา)&lt;/div&gt;&lt;div style=\"font-size:0.9em\"&gt;ปลายทางจะอยู่ทางซ้าย&lt;/div&gt;","distance":"0.6 กม.","duration":"2 นาที","start_location":{"lat":14.9760009,"lng":102.0884343},"end_location":{"lat":14.9738469,"lng":102.0836313},"travel_mode":"DRIVING","maneuver":"turn-right"},{"html_instructions":"มุ่งไปทางทิศ&lt;b&gt;ตะวันตกเฉียงใต้&lt;/b&gt; ไปตาม &lt;b&gt;ถนน มุขมนตรี&lt;/b&gt; เข้าสู่ &lt;b&gt;ถนน มุขมนตรี&lt;/b&gt;&lt;div style=\"font-size:0.9em\"&gt;ผ่าน ปิยะราดหน้า (อีก 1.1 กม. ทางขวา)&lt;/div&gt;","distance":"2.1 กม.","duration":"5 นาที","start_location":{"lat":14.9738469,"lng":102.0836313},"end_location":{"lat":14.9714332,"lng":102.0644246},"travel_mode":"DRIVING","maneuver":null},{"html_instructions":"เลี้ยว&lt;b&gt;ซ้าย&lt;/b&gt; เข้าสู่ &lt;b&gt;ถนนหมายเลข 2&lt;/b&gt;","distance":"0.8 กม.","duration":"1 นาที","start_location":{"lat":14.9714332,"lng":102.0644246},"end_location":{"lat":14.9646731,"lng":102.0644477},"travel_mode":"DRIVING","maneuver":"turn-left"},{"html_instructions":"เบี่ยง&lt;b&gt;ซ้าย&lt;/b&gt;เล็กน้อย เข้าสู่ &lt;b&gt;มิตรภาพ&lt;/b&gt;","distance":"1.3 กม.","duration":"2 นาที","start_location":{"lat":14.9646731,"lng":102.0644477},"end_location":{"lat":14.9594396,"lng":102.0546854},"travel_mode":"DRIVING","maneuver":"turn-slight-left"},{"html_instructions":"ชิด&lt;b&gt;ขวา&lt;/b&gt; เพื่อวิ่งบน &lt;b&gt;มิตรภาพ&lt;/b&gt;","distance":"0.2 กม.","duration":"1 นาที","start_location":{"lat":14.9594396,"lng":102.0546854},"end_location":{"lat":14.9591863,"lng":102.052862},"travel_mode":"DRIVING","maneuver":"keep-right"},{"html_instructions":"ใช้ทางลาด &lt;b&gt;Khon Kaen&lt;/b&gt;","distance":"1.7 กม.","duration":"2 นาที","start_location":{"lat":14.9591863,"lng":102.052862},"end_location":{"lat":14.9699984,"lng":102.052286},"travel_mode":"DRIVING","maneuver":"ramp-left"},{"html_instructions":"ขับต่อไปยัง &lt;b&gt;ถนนหมายเลข 204&lt;/b&gt;","distance":"0.3 กม.","duration":"1 นาที","start_location":{"lat":14.9699984,"lng":102.052286},"end_location":{"lat":14.9725288,"lng":102.0519525},"travel_mode":"DRIVING","maneuver":null},{"html_instructions":"เลี้ยว&lt;b&gt;ซ้าย&lt;/b&gt;","distance":"1.2 กม.","duration":"2 นาที","start_location":{"lat":14.9725288,"lng":102.0519525},"end_location":{"lat":14.9833165,"lng":102.0522988},"travel_mode":"DRIVING","maneuver":"turn-left"},{"html_instructions":"เบี่ยง&lt;b&gt;ซ้าย&lt;/b&gt;เล็กน้อย เข้าสู่ &lt;b&gt;ถนนหมายเลข 2602&lt;/b&gt;","distance":"0.8 กม.","duration":"1 นาที","start_location":{"lat":14.9833165,"lng":102.0522988},"end_location":{"lat":14.9824807,"lng":102.0451505},"travel_mode":"DRIVING","maneuver":"turn-slight-left"},{"html_instructions":"ใช้ทางลาดด้าน&lt;b&gt;ขวา&lt;/b&gt; ไปยัง &lt;b&gt;ทางหลวงพิเศษหมายเลข 6&lt;/b&gt;/&lt;wbr/&gt;&lt;b&gt;สายบางปะอิน-นครราชสีมา&lt;/b&gt;","distance":"93 ม.","duration":"1 นาที","start_location":{"lat":14.9824807,"lng":102.0451505},"end_location":{"lat":14.9824494,"lng":102.0442939},"travel_mode":"DRIVING","maneuver":"ramp-right"},{"html_instructions":"ขับต่อไปยัง &lt;b&gt;ทางหลวงพิเศษหมายเลข 6&lt;/b&gt;/&lt;wbr/&gt;&lt;b&gt;สายบางปะอิน-นครราชสีมา&lt;/b&gt;","distance":"9.3 กม.","duration":"6 นาที","start_location":{"lat":14.9824494,"lng":102.0442939},"end_location":{"lat":14.9942375,"lng":101.9604312},"travel_mode":"DRIVING","maneuver":null},{"html_instructions":"ชิด&lt;b&gt;ซ้าย&lt;/b&gt; เพื่อวิ่งต่อบน &lt;b&gt;ถนนหมายเลข 2602&lt;/b&gt;","distance":"1.0 กม.","duration":"1 นาที","start_location":{"lat":14.9942375,"lng":101.9604312},"end_location":{"lat":14.9963271,"lng":101.9515572},"travel_mode":"DRIVING","maneuver":"keep-left"},{"html_instructions":"ใช้ทางลาดด้าน&lt;b&gt;ขวา&lt;/b&gt; ไปยัง &lt;b&gt;ทางหลวงพิเศษหมายเลข 6&lt;/b&gt;/&lt;wbr/&gt;&lt;b&gt;สายบางปะอิน-นครราชสีมา&lt;/b&gt;","distance":"66.4 กม.","duration":"41 นาที","start_location":{"lat":14.9963271,"lng":101.9515572},"end_location":{"lat":14.6892153,"lng":101.4692299},"travel_mode":"DRIVING","maneuver":"ramp-right"},{"html_instructions":"วิ่งออกทางด้าน&lt;b&gt;ขวา&lt;/b&gt; ไปตาม &lt;b&gt;ถนนหมายเลข 2&lt;/b&gt;&lt;div style=\"font-size:0.9em\"&gt;ผ่าน 7-Eleven สาขา เจ็ดคต (ทับกวาง) (13128) (อีก 47.8 กม. ทางซ้าย)&lt;/div&gt;","distance":"49.4 กม.","duration":"39 นาที","start_location":{"lat":14.6892153,"lng":101.4692299},"end_location":{"lat":14.59... (set the log level to DEBUG or TRACE to see the full content) 
 </msg>
<msg time="2026-03-03T23:11:05.409785" level="INFO">${response} = &lt;Response [200]&gt;</msg>
<var>${response}</var>
<arg>${sessionName}</arg>
<arg>${ROUTE_URL}/${routeId}/progress</arg>
<arg>json=${data}</arg>
<doc>Sends a PATCH request on a previously created HTTP Session.</doc>
<status status="PASS" start="2026-03-03T23:11:05.402559" elapsed="0.007381"/>
</kw>
<return>
<value>${response.json()}</value>
<status status="PASS" start="2026-03-03T23:11:05.410079" elapsed="0.000190"/>
</return>
<msg time="2026-03-03T23:11:05.411324" level="INFO">${response} = {'success': True, 'message': 'อัปเดตสถานะการเดินทางเรียบร้อยแล้ว', 'data': {'id': 'cmmat1k50003hqmucx72wolxd', 'driverId': 'cmmat18rh0032qmuclpa2ib89', 'vehicleId': 'cmmat1hns0039qmuc1hua2dqj', 'start...</msg>
<var>${response}</var>
<arg>sessionName=DriverSession</arg>
<arg>routeId=${ROUTES_LIST}[route1][id]</arg>
<arg>currentStep=${{int(${ROUTES_LIST}[route1][currentStep]) + 2}}</arg>
<arg>status=COMPLETED</arg>
<doc>คนขับ currentStep= 0 เมื่อเริ่มต้นการเดินทาง, 2 ถึง n-1 เป็น checkpoint, n เป็นสิ้นสุดการเดินทาง</doc>
<status status="PASS" start="2026-03-03T23:11:05.400229" elapsed="0.011218"/>
</kw>
<kw name="Should Be True" owner="BuiltIn">
<arg>${response}[success]</arg>
<doc>Fails if the given condition is not true.</doc>
<status status="PASS" start="2026-03-03T23:11:05.411772" elapsed="0.000408"/>
</kw>
<kw name="Should Be Equal As Strings" owner="BuiltIn">
<arg>${response}[data][status]</arg>
<arg>COMPLETED</arg>
<doc>Fails if objects are unequal after converting them to strings.</doc>
<status status="PASS" start="2026-03-03T23:11:05.412380" elapsed="0.000344"/>
</kw>
<status status="PASS" start="2026-03-03T23:11:05.393097" elapsed="0.019865"/>
</test>
<test id="s1-s1-s1-s1-s1-t19" name="TC-03.3: [Negative] คนขับกดยกเลิก ทั้งๆ ที่เดินทางเสร็จไปแล้ว" line="164">
<kw name="Set Variable" owner="BuiltIn">
<msg time="2026-03-03T23:11:05.424004" level="INFO">${current_booking_id} = cmmat1k5n003jqmucb13mwi4m</msg>
<var>${current_booking_id}</var>
<arg>${BOOKINGS_LIST}[route1_book1][id]</arg>
<doc>Returns the given values which can then be assigned to a variables.</doc>
<status status="PASS" start="2026-03-03T23:11:05.423468" elapsed="0.000680"/>
</kw>
<kw name="Run Keyword And Expect Error" owner="BuiltIn">
<kw name="Driver Cancel the Passenger Journey" owner="driver_service">
<kw name="PATCH On Session" owner="RequestsLibrary">
<msg time="2026-03-03T23:11:05.432076" level="INFO">PATCH Request : url=http://localhost:3000/api/bookings/cmmat1k5n003jqmucb13mwi4m/driver-cancel-request 
 path_url=/api/bookings/cmmat1k5n003jqmucb13mwi4m/driver-cancel-request 
 headers={'User-Agent': 'python-requests/2.32.5', 'Accept-Encoding': 'gzip, deflate', 'Accept': '*/*', 'Connection': 'keep-alive', 'Authorization': 'Bearer eyJhbGciOiJIUzI1NiIsInR5cCI6IkpXVCJ9.eyJzdWIiOiJjbW1hdDE4cmgwMDMycW11Y2xwYTJpYjg5Iiwicm9sZSI6IkRSSVZFUiIsImlhdCI6MTc3MjU1NDI1NSwiZXhwIjoxODA0MTExODU1fQ.9zf4EW5VhOrNd1og41s6nRqanpuysneDdPHEE-Nfo00', 'x-gateway-key': 'knsifKslfDFHlfeiasdfASDFejiasdfASDFejaAsdfkj', 'Content-Length': '0'} 
 body=None 
 </msg>
<msg time="2026-03-03T23:11:05.432463" level="INFO">PATCH Response : url=http://localhost:3000/api/bookings/cmmat1k5n003jqmucb13mwi4m/driver-cancel-request 
 status=400, reason=Bad Request 
 headers={'Vary': 'Origin', 'Access-Control-Allow-Credentials': 'true', 'Access-Control-Expose-Headers': 'Content-Disposition', 'Content-Security-Policy': "default-src 'self';base-uri 'self';font-src 'self' https: data:;form-action 'self';frame-ancestors 'self';img-src 'self' data:;object-src 'none';script-src 'self';script-src-attr 'none';style-src 'self' https: 'unsafe-inline';upgrade-insecure-requests", 'Cross-Origin-Opener-Policy': 'same-origin', 'Cross-Origin-Resource-Policy': 'same-origin', 'Origin-Agent-Cluster': '?1', 'Referrer-Policy': 'no-referrer', 'Strict-Transport-Security': 'max-age=15552000; includeSubDomains', 'X-Content-Type-Options': 'nosniff', 'X-DNS-Prefetch-Control': 'off', 'X-Download-Options': 'noopen', 'X-Frame-Options': 'SAMEORIGIN', 'X-Permitted-Cross-Domain-Policies': 'none', 'X-XSS-Protection': '0', 'Content-Type': 'application/json; charset=utf-8', 'Content-Length': '70', 'ETag': 'W/"46-Qpp+6cf0LHHCDWdbjou+Yww1Xxw"', 'Date': 'Tue, 03 Mar 2026 16:11:05 GMT', 'Connection': 'keep-alive', 'Keep-Alive': 'timeout=5'} 
 body={"success":false,"message":"Journey is already completed","data":null} 
 </msg>
<msg time="2026-03-03T23:11:05.432684" level="FAIL">HTTPError: 400 Client Error: Bad Request for url: http://localhost:3000/api/bookings/cmmat1k5n003jqmucb13mwi4m/driver-cancel-request</msg>
<var>${response}</var>
<arg>${sessionName}</arg>
<arg>${BOOKING_ROUTE_URL}/${bookingId}/driver-cancel-request</arg>
<doc>Sends a PATCH request on a previously created HTTP Session.</doc>
<status status="FAIL" start="2026-03-03T23:11:05.425526" elapsed="0.017704">HTTPError: 400 Client Error: Bad Request for url: http://localhost:3000/api/bookings/cmmat1k5n003jqmucb13mwi4m/driver-cancel-request</status>
</kw>
<return>
<value>${response.json()}</value>
<status status="NOT RUN" start="2026-03-03T23:11:05.443394" elapsed="0.000146"/>
</return>
<arg>sessionName=DriverSession</arg>
<arg>bookingId=${current_booking_id}</arg>
<doc>คนขับยกเลิกการเดินทางของผู้โดยสาร</doc>
<status status="FAIL" start="2026-03-03T23:11:05.425068" elapsed="0.018601">HTTPError: 400 Client Error: Bad Request for url: http://localhost:3000/api/bookings/cmmat1k5n003jqmucb13mwi4m/driver-cancel-request</status>
</kw>
<arg>*400*</arg>
<arg>Driver Cancel the Passenger Journey</arg>
<arg>sessionName=DriverSession</arg>
<arg>bookingId=${current_booking_id}</arg>
<doc>Runs the keyword and checks that the expected error occurred.</doc>
<status status="PASS" start="2026-03-03T23:11:05.424532" elapsed="0.019296"/>
</kw>
<status status="PASS" start="2026-03-03T23:11:05.417458" elapsed="0.026658"/>
</test>
<kw name="Delete All Users" owner="setup" type="TEARDOWN">
<for flavor="IN">
<iter>
<kw name="DELETE On Session" owner="RequestsLibrary">
<msg time="2026-03-03T23:11:05.457835" level="INFO">DELETE Request : url=http://localhost:3000/api/users/admin/cmmat18rh0032qmuclpa2ib89 
 path_url=/api/users/admin/cmmat18rh0032qmuclpa2ib89 
 headers={'User-Agent': 'python-requests/2.32.5', 'Accept-Encoding': 'gzip, deflate', 'Accept': '*/*', 'Connection': 'keep-alive', 'Authorization': 'Bearer eyJhbGciOiJIUzI1NiIsInR5cCI6IkpXVCJ9.eyJzdWIiOiJjbWxxazlwa3EwMDAwcW1pOGlveDNxaXI5Iiwicm9sZSI6IkFETUlOIiwiaWF0IjoxNzcyNTU0MjU1LCJleHAiOjE4MDQxMTE4NTV9.NF9jdWzD4wfbq25OXnZrM6V75cpHefcfmYLdTc7zpHs', 'x-gateway-key': 'knsifKslfDFHlfeiasdfASDFejiasdfASDFejaAsdfkj', 'Content-Length': '0'} 
 body=None 
 </msg>
<msg time="2026-03-03T23:11:05.458227" level="INFO">DELETE Response : url=http://localhost:3000/api/users/admin/cmmat18rh0032qmuclpa2ib89 
 status=200, reason=OK 
 headers={'Vary': 'Origin', 'Access-Control-Allow-Credentials': 'true', 'Access-Control-Expose-Headers': 'Content-Disposition', 'Content-Security-Policy': "default-src 'self';base-uri 'self';font-src 'self' https: data:;form-action 'self';frame-ancestors 'self';img-src 'self' data:;object-src 'none';script-src 'self';script-src-attr 'none';style-src 'self' https: 'unsafe-inline';upgrade-insecure-requests", 'Cross-Origin-Opener-Policy': 'same-origin', 'Cross-Origin-Resource-Policy': 'same-origin', 'Origin-Agent-Cluster': '?1', 'Referrer-Policy': 'no-referrer', 'Strict-Transport-Security': 'max-age=15552000; includeSubDomains', 'X-Content-Type-Options': 'nosniff', 'X-DNS-Prefetch-Control': 'off', 'X-Download-Options': 'noopen', 'X-Frame-Options': 'SAMEORIGIN', 'X-Permitted-Cross-Domain-Policies': 'none', 'X-XSS-Protection': '0', 'Content-Type': 'application/json; charset=utf-8', 'Content-Length': '108', 'ETag': 'W/"6c-9T0HV3G5kYq/LhetNOFysLkxLx4"', 'Date': 'Tue, 03 Mar 2026 16:11:05 GMT', 'Connection': 'keep-alive', 'Keep-Alive': 'timeout=5'} 
 body={"success":true,"message":"User deleted successfully.","data":{"deletedUserId":"cmmat18rh0032qmuclpa2ib89"}} 
 </msg>
<arg>AdminSession</arg>
<arg>${BASE_URL}/api/users/admin/${user_id}</arg>
<doc>Sends a DELETE request on a previously created HTTP Session.</doc>
<status status="PASS" start="2026-03-03T23:11:05.449292" elapsed="0.009247"/>
</kw>
<var name="${user_id}">cmmat18rh0032qmuclpa2ib89</var>
<status status="PASS" start="2026-03-03T23:11:05.449113" elapsed="0.009547"/>
</iter>
<iter>
<kw name="DELETE On Session" owner="RequestsLibrary">
<msg time="2026-03-03T23:11:05.464162" level="INFO">DELETE Request : url=http://localhost:3000/api/users/admin/cmmat15hu002zqmuchjl12rpu 
 path_url=/api/users/admin/cmmat15hu002zqmuchjl12rpu 
 headers={'User-Agent': 'python-requests/2.32.5', 'Accept-Encoding': 'gzip, deflate', 'Accept': '*/*', 'Connection': 'keep-alive', 'Authorization': 'Bearer eyJhbGciOiJIUzI1NiIsInR5cCI6IkpXVCJ9.eyJzdWIiOiJjbWxxazlwa3EwMDAwcW1pOGlveDNxaXI5Iiwicm9sZSI6IkFETUlOIiwiaWF0IjoxNzcyNTU0MjU1LCJleHAiOjE4MDQxMTE4NTV9.NF9jdWzD4wfbq25OXnZrM6V75cpHefcfmYLdTc7zpHs', 'x-gateway-key': 'knsifKslfDFHlfeiasdfASDFejiasdfASDFejaAsdfkj', 'Content-Length': '0'} 
 body=None 
 </msg>
<msg time="2026-03-03T23:11:05.464424" level="INFO">DELETE Response : url=http://localhost:3000/api/users/admin/cmmat15hu002zqmuchjl12rpu 
 status=200, reason=OK 
 headers={'Vary': 'Origin', 'Access-Control-Allow-Credentials': 'true', 'Access-Control-Expose-Headers': 'Content-Disposition', 'Content-Security-Policy': "default-src 'self';base-uri 'self';font-src 'self' https: data:;form-action 'self';frame-ancestors 'self';img-src 'self' data:;object-src 'none';script-src 'self';script-src-attr 'none';style-src 'self' https: 'unsafe-inline';upgrade-insecure-requests", 'Cross-Origin-Opener-Policy': 'same-origin', 'Cross-Origin-Resource-Policy': 'same-origin', 'Origin-Agent-Cluster': '?1', 'Referrer-Policy': 'no-referrer', 'Strict-Transport-Security': 'max-age=15552000; includeSubDomains', 'X-Content-Type-Options': 'nosniff', 'X-DNS-Prefetch-Control': 'off', 'X-Download-Options': 'noopen', 'X-Frame-Options': 'SAMEORIGIN', 'X-Permitted-Cross-Domain-Policies': 'none', 'X-XSS-Protection': '0', 'Content-Type': 'application/json; charset=utf-8', 'Content-Length': '108', 'ETag': 'W/"6c-rumTp6Zo6eRCtrQFr6KREi6fMow"', 'Date': 'Tue, 03 Mar 2026 16:11:05 GMT', 'Connection': 'keep-alive', 'Keep-Alive': 'timeout=5'} 
 body={"success":true,"message":"User deleted successfully.","data":{"deletedUserId":"cmmat15hu002zqmuchjl12rpu"}} 
 </msg>
<arg>AdminSession</arg>
<arg>${BASE_URL}/api/users/admin/${user_id}</arg>
<doc>Sends a DELETE request on a previously created HTTP Session.</doc>
<status status="PASS" start="2026-03-03T23:11:05.459088" elapsed="0.005690"/>
</kw>
<var name="${user_id}">cmmat15hu002zqmuchjl12rpu</var>
<status status="PASS" start="2026-03-03T23:11:05.458807" elapsed="0.006156"/>
</iter>
<iter>
<kw name="DELETE On Session" owner="RequestsLibrary">
<msg time="2026-03-03T23:11:05.472099" level="INFO">DELETE Request : url=http://localhost:3000/api/users/admin/cmmat1d1u0035qmucn1qwlpsr 
 path_url=/api/users/admin/cmmat1d1u0035qmucn1qwlpsr 
 headers={'User-Agent': 'python-requests/2.32.5', 'Accept-Encoding': 'gzip, deflate', 'Accept': '*/*', 'Connection': 'keep-alive', 'Authorization': 'Bearer eyJhbGciOiJIUzI1NiIsInR5cCI6IkpXVCJ9.eyJzdWIiOiJjbWxxazlwa3EwMDAwcW1pOGlveDNxaXI5Iiwicm9sZSI6IkFETUlOIiwiaWF0IjoxNzcyNTU0MjU1LCJleHAiOjE4MDQxMTE4NTV9.NF9jdWzD4wfbq25OXnZrM6V75cpHefcfmYLdTc7zpHs', 'x-gateway-key': 'knsifKslfDFHlfeiasdfASDFejiasdfASDFejaAsdfkj', 'Content-Length': '0'} 
 body=None 
 </msg>
<msg time="2026-03-03T23:11:05.472394" level="INFO">DELETE Response : url=http://localhost:3000/api/users/admin/cmmat1d1u0035qmucn1qwlpsr 
 status=200, reason=OK 
 headers={'Vary': 'Origin', 'Access-Control-Allow-Credentials': 'true', 'Access-Control-Expose-Headers': 'Content-Disposition', 'Content-Security-Policy': "default-src 'self';base-uri 'self';font-src 'self' https: data:;form-action 'self';frame-ancestors 'self';img-src 'self' data:;object-src 'none';script-src 'self';script-src-attr 'none';style-src 'self' https: 'unsafe-inline';upgrade-insecure-requests", 'Cross-Origin-Opener-Policy': 'same-origin', 'Cross-Origin-Resource-Policy': 'same-origin', 'Origin-Agent-Cluster': '?1', 'Referrer-Policy': 'no-referrer', 'Strict-Transport-Security': 'max-age=15552000; includeSubDomains', 'X-Content-Type-Options': 'nosniff', 'X-DNS-Prefetch-Control': 'off', 'X-Download-Options': 'noopen', 'X-Frame-Options': 'SAMEORIGIN', 'X-Permitted-Cross-Domain-Policies': 'none', 'X-XSS-Protection': '0', 'Content-Type': 'application/json; charset=utf-8', 'Content-Length': '108', 'ETag': 'W/"6c-jAw1jsuharUZjbGEBHFs8VYCnVs"', 'Date': 'Tue, 03 Mar 2026 16:11:05 GMT', 'Connection': 'keep-alive', 'Keep-Alive': 'timeout=5'} 
 body={"success":true,"message":"User deleted successfully.","data":{"deletedUserId":"cmmat1d1u0035qmucn1qwlpsr"}} 
 </msg>
<arg>AdminSession</arg>
<arg>${BASE_URL}/api/users/admin/${user_id}</arg>
<doc>Sends a DELETE request on a previously created HTTP Session.</doc>
<status status="PASS" start="2026-03-03T23:11:05.465464" elapsed="0.007233"/>
</kw>
<var name="${user_id}">cmmat1d1u0035qmucn1qwlpsr</var>
<status status="PASS" start="2026-03-03T23:11:05.465107" elapsed="0.007751"/>
</iter>
<var>${user_id}</var>
<value>@{USERS_ID}</value>
<status status="PASS" start="2026-03-03T23:11:05.448837" elapsed="0.024080"/>
</for>
<kw name="Delete All Sessions" owner="RequestsLibrary">
<msg time="2026-03-03T23:11:05.473544" level="INFO">Deleting All Sessions</msg>
<doc>Removes all the session objects</doc>
<status status="PASS" start="2026-03-03T23:11:05.473095" elapsed="0.001242"/>
</kw>
<status status="PASS" start="2026-03-03T23:11:05.448440" elapsed="0.026051"/>
</kw>
<status status="PASS" start="2026-03-03T23:10:41.260005" elapsed="24.214562"/>
</suite>
<status status="PASS" start="2026-03-03T23:10:41.253041" elapsed="24.225954"/>
</suite>
<status status="PASS" start="2026-03-03T23:10:41.207800" elapsed="24.274243"/>
</suite>
<status status="PASS" start="2026-03-03T23:10:41.201095" elapsed="24.283342"/>
</suite>
<status status="PASS" start="2026-03-03T23:10:41.154992" elapsed="24.334606"/>
</suite>
<statistics>
<total>
<stat pass="19" fail="0" skip="0">All Tests</stat>
</total>
<tag>
</tag>
<suite>
<stat name="Sec02 G04 SoftwareEngineering PaiNamNaeWebApp" id="s1" pass="19" fail="0" skip="0">Sec02 G04 SoftwareEngineering PaiNamNaeWebApp</stat>
<stat name="Tests" id="s1-s1" pass="19" fail="0" skip="0">Sec02 G04 SoftwareEngineering PaiNamNaeWebApp.Tests</stat>
<stat name="Sprint2" id="s1-s1-s1" pass="19" fail="0" skip="0">Sec02 G04 SoftwareEngineering PaiNamNaeWebApp.Tests.Sprint2</stat>
<stat name="Card09" id="s1-s1-s1-s1" pass="19" fail="0" skip="0">Sec02 G04 SoftwareEngineering PaiNamNaeWebApp.Tests.Sprint2.Card09</stat>
<stat name="Test" id="s1-s1-s1-s1-s1" pass="19" fail="0" skip="0">Sec02 G04 SoftwareEngineering PaiNamNaeWebApp.Tests.Sprint2.Card09.Test</stat>
</suite>
</statistics>
<errors>
</errors>
</robot>
